{"C:\\Users\\shahid85\\Documents\\projects\\muhammadanway-tasbeeh-app-02\\src\\components\\AccessibilityTestScreen.tsx": {"path":"C:\\Users\\shahid85\\Documents\\projects\\muhammadanway-tasbeeh-app-02\\src\\components\\AccessibilityTestScreen.tsx","statementMap":{"0":{"start":{"line":34,"column":28},"end":{"line":34,"column":39}},"1":{"start":{"line":35,"column":30},"end":{"line":35,"column":42}},"2":{"start":{"line":36,"column":36},"end":{"line":36,"column":50}},"3":{"start":{"line":37,"column":30},"end":{"line":37,"column":45}},"4":{"start":{"line":39,"column":20},"end":{"line":39,"column":34}},"5":{"start":{"line":40,"column":27},"end":{"line":40,"column":73}},"6":{"start":{"line":41,"column":26},"end":{"line":41,"column":46}},"7":{"start":{"line":43,"column":26},"end":{"line":52,"column":3}},"8":{"start":{"line":44,"column":21},"end":{"line":44,"column":30}},"9":{"start":{"line":45,"column":4},"end":{"line":45,"column":23}},"10":{"start":{"line":48,"column":4},"end":{"line":51,"column":5}},"11":{"start":{"line":49,"column":27},"end":{"line":49,"column":71}},"12":{"start":{"line":50,"column":6},"end":{"line":50,"column":43}},"13":{"start":{"line":54,"column":22},"end":{"line":70,"column":3}},"14":{"start":{"line":55,"column":4},"end":{"line":69,"column":11}},"15":{"start":{"line":72,"column":2},"end":{"line":338,"column":4}},"16":{"start":{"line":163,"column":29},"end":{"line":163,"column":40}},"17":{"start":{"line":173,"column":16},"end":{"line":173,"column":51}},"18":{"start":{"line":174,"column":16},"end":{"line":174,"column":87}},"19":{"start":{"line":206,"column":16},"end":{"line":206,"column":36}},"20":{"start":{"line":207,"column":16},"end":{"line":207,"column":88}},"21":{"start":{"line":234,"column":16},"end":{"line":234,"column":33}},"22":{"start":{"line":235,"column":16},"end":{"line":235,"column":86}},"23":{"start":{"line":253,"column":29},"end":{"line":253,"column":101}},"24":{"start":{"line":263,"column":31},"end":{"line":263,"column":63}},"25":{"start":{"line":264,"column":16},"end":{"line":271,"column":18}},"26":{"start":{"line":320,"column":14},"end":{"line":332,"column":33}},"27":{"start":{"line":324,"column":18},"end":{"line":324,"column":38}},"28":{"start":{"line":325,"column":32},"end":{"line":325,"column":77}},"29":{"start":{"line":326,"column":18},"end":{"line":326,"column":48}},"30":{"start":{"line":341,"column":15},"end":{"line":491,"column":2}}},"fnMap":{"0":{"name":"AccessibilityTestScreen","decl":{"start":{"line":33,"column":24},"end":{"line":33,"column":47}},"loc":{"start":{"line":33,"column":86},"end":{"line":339,"column":1}},"line":33},"1":{"name":"(anonymous_1)","decl":{"start":{"line":43,"column":26},"end":{"line":43,"column":27}},"loc":{"start":{"line":43,"column":32},"end":{"line":52,"column":3}},"line":43},"2":{"name":"(anonymous_2)","decl":{"start":{"line":54,"column":22},"end":{"line":54,"column":23}},"loc":{"start":{"line":55,"column":4},"end":{"line":69,"column":11}},"line":55},"3":{"name":"(anonymous_3)","decl":{"start":{"line":163,"column":23},"end":{"line":163,"column":24}},"loc":{"start":{"line":163,"column":29},"end":{"line":163,"column":40}},"line":163},"4":{"name":"(anonymous_4)","decl":{"start":{"line":172,"column":23},"end":{"line":172,"column":24}},"loc":{"start":{"line":172,"column":29},"end":{"line":175,"column":15}},"line":172},"5":{"name":"(anonymous_5)","decl":{"start":{"line":205,"column":29},"end":{"line":205,"column":30}},"loc":{"start":{"line":205,"column":40},"end":{"line":208,"column":15}},"line":205},"6":{"name":"(anonymous_6)","decl":{"start":{"line":233,"column":29},"end":{"line":233,"column":30}},"loc":{"start":{"line":233,"column":40},"end":{"line":236,"column":15}},"line":233},"7":{"name":"(anonymous_7)","decl":{"start":{"line":253,"column":23},"end":{"line":253,"column":24}},"loc":{"start":{"line":253,"column":29},"end":{"line":253,"column":101}},"line":253},"8":{"name":"(anonymous_8)","decl":{"start":{"line":262,"column":23},"end":{"line":262,"column":24}},"loc":{"start":{"line":262,"column":29},"end":{"line":272,"column":15}},"line":262},"9":{"name":"(anonymous_9)","decl":{"start":{"line":319,"column":35},"end":{"line":319,"column":36}},"loc":{"start":{"line":320,"column":14},"end":{"line":332,"column":33}},"line":320},"10":{"name":"(anonymous_10)","decl":{"start":{"line":323,"column":25},"end":{"line":323,"column":26}},"loc":{"start":{"line":323,"column":31},"end":{"line":327,"column":17}},"line":323}},"branchMap":{"0":{"loc":{"start":{"line":40,"column":47},"end":{"line":40,"column":72}},"type":"cond-expr","locations":[{"start":{"line":40,"column":56},"end":{"line":40,"column":62}},{"start":{"line":40,"column":65},"end":{"line":40,"column":72}}],"line":40},"1":{"loc":{"start":{"line":48,"column":4},"end":{"line":51,"column":5}},"type":"if","locations":[{"start":{"line":48,"column":4},"end":{"line":51,"column":5}},{"start":{},"end":{}}],"line":48},"2":{"loc":{"start":{"line":48,"column":8},"end":{"line":48,"column":50}},"type":"binary-expr","locations":[{"start":{"line":48,"column":8},"end":{"line":48,"column":27}},{"start":{"line":48,"column":31},"end":{"line":48,"column":50}}],"line":48},"3":{"loc":{"start":{"line":173,"column":26},"end":{"line":173,"column":49}},"type":"cond-expr","locations":[{"start":{"line":173,"column":42},"end":{"line":173,"column":44}},{"start":{"line":173,"column":47},"end":{"line":173,"column":49}}],"line":173},"4":{"loc":{"start":{"line":174,"column":60},"end":{"line":174,"column":83}},"type":"cond-expr","locations":[{"start":{"line":174,"column":76},"end":{"line":174,"column":78}},{"start":{"line":174,"column":81},"end":{"line":174,"column":83}}],"line":174},"5":{"loc":{"start":{"line":207,"column":54},"end":{"line":207,"column":84}},"type":"cond-expr","locations":[{"start":{"line":207,"column":62},"end":{"line":207,"column":71}},{"start":{"line":207,"column":74},"end":{"line":207,"column":84}}],"line":207},"6":{"loc":{"start":{"line":210,"column":26},"end":{"line":210,"column":83}},"type":"cond-expr","locations":[{"start":{"line":210,"column":38},"end":{"line":210,"column":58}},{"start":{"line":210,"column":61},"end":{"line":210,"column":83}}],"line":210},"7":{"loc":{"start":{"line":235,"column":52},"end":{"line":235,"column":82}},"type":"cond-expr","locations":[{"start":{"line":235,"column":60},"end":{"line":235,"column":69}},{"start":{"line":235,"column":72},"end":{"line":235,"column":82}}],"line":235},"8":{"loc":{"start":{"line":238,"column":26},"end":{"line":238,"column":80}},"type":"cond-expr","locations":[{"start":{"line":238,"column":35},"end":{"line":238,"column":55}},{"start":{"line":238,"column":58},"end":{"line":238,"column":80}}],"line":238},"9":{"loc":{"start":{"line":266,"column":36},"end":{"line":266,"column":89}},"type":"cond-expr","locations":[{"start":{"line":266,"column":67},"end":{"line":266,"column":76}},{"start":{"line":266,"column":79},"end":{"line":266,"column":89}}],"line":266},"10":{"loc":{"start":{"line":267,"column":36},"end":{"line":267,"column":89}},"type":"cond-expr","locations":[{"start":{"line":267,"column":67},"end":{"line":267,"column":76}},{"start":{"line":267,"column":79},"end":{"line":267,"column":89}}],"line":267},"11":{"loc":{"start":{"line":268,"column":32},"end":{"line":268,"column":81}},"type":"cond-expr","locations":[{"start":{"line":268,"column":59},"end":{"line":268,"column":68}},{"start":{"line":268,"column":71},"end":{"line":268,"column":81}}],"line":268}},"s":{"0":0,"1":0,"2":0,"3":0,"4":0,"5":0,"6":0,"7":0,"8":0,"9":0,"10":0,"11":0,"12":0,"13":0,"14":0,"15":0,"16":0,"17":0,"18":0,"19":0,"20":0,"21":0,"22":0,"23":0,"24":0,"25":0,"26":0,"27":0,"28":0,"29":0,"30":0},"f":{"0":0,"1":0,"2":0,"3":0,"4":0,"5":0,"6":0,"7":0,"8":0,"9":0,"10":0},"b":{"0":[0,0],"1":[0,0],"2":[0,0],"3":[0,0],"4":[0,0],"5":[0,0],"6":[0,0],"7":[0,0],"8":[0,0],"9":[0,0],"10":[0,0],"11":[0,0]}}
,"C:\\Users\\shahid85\\Documents\\projects\\muhammadanway-tasbeeh-app-02\\src\\components\\ErrorBoundary.tsx": {"path":"C:\\Users\\shahid85\\Documents\\projects\\muhammadanway-tasbeeh-app-02\\src\\components\\ErrorBoundary.tsx","statementMap":{"0":{"start":{"line":34,"column":4},"end":{"line":34,"column":17}},"1":{"start":{"line":35,"column":4},"end":{"line":40,"column":6}},"2":{"start":{"line":45,"column":20},"end":{"line":45,"column":82}},"3":{"start":{"line":47,"column":4},"end":{"line":51,"column":6}},"4":{"start":{"line":55,"column":4},"end":{"line":55,"column":33}},"5":{"start":{"line":58,"column":4},"end":{"line":69,"column":24}},"6":{"start":{"line":72,"column":4},"end":{"line":74,"column":5}},"7":{"start":{"line":73,"column":6},"end":{"line":73,"column":43}},"8":{"start":{"line":77,"column":16},"end":{"line":84,"column":3}},"9":{"start":{"line":78,"column":4},"end":{"line":83,"column":7}},"10":{"start":{"line":86,"column":17},"end":{"line":99,"column":3}},"11":{"start":{"line":87,"column":42},"end":{"line":87,"column":52}},"12":{"start":{"line":91,"column":4},"end":{"line":95,"column":24}},"13":{"start":{"line":102,"column":4},"end":{"line":117,"column":5}},"14":{"start":{"line":104,"column":6},"end":{"line":106,"column":7}},"15":{"start":{"line":105,"column":8},"end":{"line":105,"column":35}},"16":{"start":{"line":109,"column":6},"end":{"line":116,"column":8}},"17":{"start":{"line":119,"column":4},"end":{"line":119,"column":31}},"18":{"start":{"line":123,"column":52},"end":{"line":185,"column":1}},"19":{"start":{"line":124,"column":21},"end":{"line":124,"column":26}},"20":{"start":{"line":126,"column":2},"end":{"line":184,"column":4}},"21":{"start":{"line":190,"column":4},"end":{"line":203,"column":6}},"22":{"start":{"line":197,"column":77},"end":{"line":197,"column":101}},"23":{"start":{"line":209,"column":4},"end":{"line":222,"column":6}},"24":{"start":{"line":216,"column":77},"end":{"line":216,"column":101}},"25":{"start":{"line":226,"column":15},"end":{"line":375,"column":2}}},"fnMap":{"0":{"name":"(anonymous_0)","decl":{"start":{"line":33,"column":2},"end":{"line":33,"column":3}},"loc":{"start":{"line":33,"column":41},"end":{"line":41,"column":3}},"line":33},"1":{"name":"(anonymous_1)","decl":{"start":{"line":43,"column":2},"end":{"line":43,"column":3}},"loc":{"start":{"line":43,"column":77},"end":{"line":52,"column":3}},"line":43},"2":{"name":"(anonymous_2)","decl":{"start":{"line":54,"column":2},"end":{"line":54,"column":3}},"loc":{"start":{"line":54,"column":62},"end":{"line":75,"column":3}},"line":54},"3":{"name":"(anonymous_3)","decl":{"start":{"line":77,"column":16},"end":{"line":77,"column":17}},"loc":{"start":{"line":77,"column":22},"end":{"line":84,"column":3}},"line":77},"4":{"name":"(anonymous_4)","decl":{"start":{"line":86,"column":17},"end":{"line":86,"column":18}},"loc":{"start":{"line":86,"column":23},"end":{"line":99,"column":3}},"line":86},"5":{"name":"(anonymous_5)","decl":{"start":{"line":101,"column":2},"end":{"line":101,"column":3}},"loc":{"start":{"line":101,"column":11},"end":{"line":120,"column":3}},"line":101},"6":{"name":"(anonymous_6)","decl":{"start":{"line":123,"column":52},"end":{"line":123,"column":53}},"loc":{"start":{"line":123,"column":95},"end":{"line":185,"column":1}},"line":123},"7":{"name":"(anonymous_7)","decl":{"start":{"line":189,"column":2},"end":{"line":189,"column":3}},"loc":{"start":{"line":189,"column":11},"end":{"line":204,"column":3}},"line":189},"8":{"name":"(anonymous_8)","decl":{"start":{"line":197,"column":71},"end":{"line":197,"column":72}},"loc":{"start":{"line":197,"column":77},"end":{"line":197,"column":101}},"line":197},"9":{"name":"(anonymous_9)","decl":{"start":{"line":208,"column":2},"end":{"line":208,"column":3}},"loc":{"start":{"line":208,"column":11},"end":{"line":223,"column":3}},"line":208},"10":{"name":"(anonymous_10)","decl":{"start":{"line":216,"column":71},"end":{"line":216,"column":72}},"loc":{"start":{"line":216,"column":77},"end":{"line":216,"column":101}},"line":216}},"branchMap":{"0":{"loc":{"start":{"line":72,"column":4},"end":{"line":74,"column":5}},"type":"if","locations":[{"start":{"line":72,"column":4},"end":{"line":74,"column":5}},{"start":{},"end":{}}],"line":72},"1":{"loc":{"start":{"line":102,"column":4},"end":{"line":117,"column":5}},"type":"if","locations":[{"start":{"line":102,"column":4},"end":{"line":117,"column":5}},{"start":{},"end":{}}],"line":102},"2":{"loc":{"start":{"line":104,"column":6},"end":{"line":106,"column":7}},"type":"if","locations":[{"start":{"line":104,"column":6},"end":{"line":106,"column":7}},{"start":{},"end":{}}],"line":104},"3":{"loc":{"start":{"line":127,"column":63},"end":{"line":127,"column":122}},"type":"cond-expr","locations":[{"start":{"line":127,"column":76},"end":{"line":127,"column":98}},{"start":{"line":127,"column":101},"end":{"line":127,"column":122}}],"line":127},"4":{"loc":{"start":{"line":147,"column":11},"end":{"line":154,"column":11}},"type":"binary-expr","locations":[{"start":{"line":147,"column":11},"end":{"line":147,"column":18}},{"start":{"line":147,"column":22},"end":{"line":147,"column":27}},{"start":{"line":148,"column":12},"end":{"line":153,"column":19}}],"line":147}},"s":{"0":0,"1":0,"2":0,"3":0,"4":0,"5":0,"6":0,"7":0,"8":0,"9":0,"10":0,"11":0,"12":0,"13":0,"14":0,"15":0,"16":0,"17":0,"18":0,"19":0,"20":0,"21":0,"22":0,"23":0,"24":0,"25":0},"f":{"0":0,"1":0,"2":0,"3":0,"4":0,"5":0,"6":0,"7":0,"8":0,"9":0,"10":0},"b":{"0":[0,0],"1":[0,0],"2":[0,0],"3":[0,0],"4":[0,0,0]}}
,"C:\\Users\\shahid85\\Documents\\projects\\muhammadanway-tasbeeh-app-02\\src\\components\\SkeletonLoader.tsx": {"path":"C:\\Users\\shahid85\\Documents\\projects\\muhammadanway-tasbeeh-app-02\\src\\components\\SkeletonLoader.tsx","statementMap":{"0":{"start":{"line":17,"column":52},"end":{"line":86,"column":1}},"1":{"start":{"line":23,"column":17},"end":{"line":23,"column":44}},"2":{"start":{"line":24,"column":23},"end":{"line":24,"column":66}},"3":{"start":{"line":26,"column":2},"end":{"line":45,"column":21}},"4":{"start":{"line":27,"column":29},"end":{"line":40,"column":5}},"5":{"start":{"line":42,"column":4},"end":{"line":42,"column":29}},"6":{"start":{"line":44,"column":4},"end":{"line":44,"column":41}},"7":{"start":{"line":44,"column":17},"end":{"line":44,"column":40}},"8":{"start":{"line":47,"column":21},"end":{"line":50,"column":4}},"9":{"start":{"line":52,"column":2},"end":{"line":85,"column":4}},"10":{"start":{"line":88,"column":41},"end":{"line":120,"column":1}},"11":{"start":{"line":89,"column":17},"end":{"line":89,"column":44}},"12":{"start":{"line":91,"column":2},"end":{"line":119,"column":4}},"13":{"start":{"line":122,"column":45},"end":{"line":160,"column":1}},"14":{"start":{"line":123,"column":17},"end":{"line":123,"column":44}},"15":{"start":{"line":125,"column":2},"end":{"line":159,"column":4}},"16":{"start":{"line":136,"column":10},"end":{"line":139,"column":17}},"17":{"start":{"line":146,"column":10},"end":{"line":155,"column":17}},"18":{"start":{"line":162,"column":46},"end":{"line":193,"column":1}},"19":{"start":{"line":163,"column":17},"end":{"line":163,"column":44}},"20":{"start":{"line":165,"column":2},"end":{"line":192,"column":4}},"21":{"start":{"line":174,"column":8},"end":{"line":189,"column":15}},"22":{"start":{"line":178,"column":12},"end":{"line":187,"column":19}},"23":{"start":{"line":195,"column":15},"end":{"line":287,"column":2}}},"fnMap":{"0":{"name":"(anonymous_0)","decl":{"start":{"line":17,"column":52},"end":{"line":17,"column":53}},"loc":{"start":{"line":22,"column":6},"end":{"line":86,"column":1}},"line":22},"1":{"name":"(anonymous_1)","decl":{"start":{"line":26,"column":18},"end":{"line":26,"column":19}},"loc":{"start":{"line":26,"column":24},"end":{"line":45,"column":3}},"line":26},"2":{"name":"(anonymous_2)","decl":{"start":{"line":44,"column":11},"end":{"line":44,"column":12}},"loc":{"start":{"line":44,"column":17},"end":{"line":44,"column":40}},"line":44},"3":{"name":"(anonymous_3)","decl":{"start":{"line":88,"column":41},"end":{"line":88,"column":42}},"loc":{"start":{"line":88,"column":47},"end":{"line":120,"column":1}},"line":88},"4":{"name":"(anonymous_4)","decl":{"start":{"line":122,"column":45},"end":{"line":122,"column":46}},"loc":{"start":{"line":122,"column":51},"end":{"line":160,"column":1}},"line":122},"5":{"name":"(anonymous_5)","decl":{"start":{"line":135,"column":23},"end":{"line":135,"column":24}},"loc":{"start":{"line":136,"column":10},"end":{"line":139,"column":17}},"line":136},"6":{"name":"(anonymous_6)","decl":{"start":{"line":145,"column":29},"end":{"line":145,"column":30}},"loc":{"start":{"line":146,"column":10},"end":{"line":155,"column":17}},"line":146},"7":{"name":"(anonymous_7)","decl":{"start":{"line":162,"column":46},"end":{"line":162,"column":47}},"loc":{"start":{"line":162,"column":52},"end":{"line":193,"column":1}},"line":162},"8":{"name":"(anonymous_8)","decl":{"start":{"line":173,"column":21},"end":{"line":173,"column":22}},"loc":{"start":{"line":174,"column":8},"end":{"line":189,"column":15}},"line":174},"9":{"name":"(anonymous_9)","decl":{"start":{"line":177,"column":28},"end":{"line":177,"column":29}},"loc":{"start":{"line":178,"column":12},"end":{"line":187,"column":19}},"line":178}},"branchMap":{"0":{"loc":{"start":{"line":18,"column":2},"end":{"line":18,"column":16}},"type":"default-arg","locations":[{"start":{"line":18,"column":10},"end":{"line":18,"column":16}}],"line":18},"1":{"loc":{"start":{"line":19,"column":2},"end":{"line":19,"column":13}},"type":"default-arg","locations":[{"start":{"line":19,"column":11},"end":{"line":19,"column":13}}],"line":19},"2":{"loc":{"start":{"line":20,"column":2},"end":{"line":20,"column":18}},"type":"default-arg","locations":[{"start":{"line":20,"column":17},"end":{"line":20,"column":18}}],"line":20},"3":{"loc":{"start":{"line":59,"column":27},"end":{"line":59,"column":83}},"type":"cond-expr","locations":[{"start":{"line":59,"column":36},"end":{"line":59,"column":58}},{"start":{"line":59,"column":61},"end":{"line":59,"column":83}}],"line":59},"4":{"loc":{"start":{"line":76,"column":12},"end":{"line":76,"column":70}},"type":"cond-expr","locations":[{"start":{"line":76,"column":21},"end":{"line":76,"column":44}},{"start":{"line":76,"column":47},"end":{"line":76,"column":70}}],"line":76},"5":{"loc":{"start":{"line":92,"column":61},"end":{"line":92,"column":116}},"type":"cond-expr","locations":[{"start":{"line":92,"column":70},"end":{"line":92,"column":92}},{"start":{"line":92,"column":95},"end":{"line":92,"column":116}}],"line":92},"6":{"loc":{"start":{"line":126,"column":65},"end":{"line":126,"column":120}},"type":"cond-expr","locations":[{"start":{"line":126,"column":74},"end":{"line":126,"column":96}},{"start":{"line":126,"column":99},"end":{"line":126,"column":120}}],"line":126},"7":{"loc":{"start":{"line":136,"column":81},"end":{"line":136,"column":135}},"type":"cond-expr","locations":[{"start":{"line":136,"column":90},"end":{"line":136,"column":112}},{"start":{"line":136,"column":115},"end":{"line":136,"column":135}}],"line":136},"8":{"loc":{"start":{"line":146,"column":83},"end":{"line":146,"column":137}},"type":"cond-expr","locations":[{"start":{"line":146,"column":92},"end":{"line":146,"column":114}},{"start":{"line":146,"column":117},"end":{"line":146,"column":137}}],"line":146},"9":{"loc":{"start":{"line":166,"column":66},"end":{"line":166,"column":121}},"type":"cond-expr","locations":[{"start":{"line":166,"column":75},"end":{"line":166,"column":97}},{"start":{"line":166,"column":100},"end":{"line":166,"column":121}}],"line":166},"10":{"loc":{"start":{"line":178,"column":85},"end":{"line":178,"column":139}},"type":"cond-expr","locations":[{"start":{"line":178,"column":94},"end":{"line":178,"column":116}},{"start":{"line":178,"column":119},"end":{"line":178,"column":139}}],"line":178}},"s":{"0":0,"1":0,"2":0,"3":0,"4":0,"5":0,"6":0,"7":0,"8":0,"9":0,"10":0,"11":0,"12":0,"13":0,"14":0,"15":0,"16":0,"17":0,"18":0,"19":0,"20":0,"21":0,"22":0,"23":0},"f":{"0":0,"1":0,"2":0,"3":0,"4":0,"5":0,"6":0,"7":0,"8":0,"9":0},"b":{"0":[0],"1":[0],"2":[0],"3":[0,0],"4":[0,0],"5":[0,0],"6":[0,0],"7":[0,0],"8":[0,0],"9":[0,0],"10":[0,0]}}
,"C:\\Users\\shahid85\\Documents\\projects\\muhammadanway-tasbeeh-app-02\\src\\constants\\app.ts": {"path":"C:\\Users\\shahid85\\Documents\\projects\\muhammadanway-tasbeeh-app-02\\src\\constants\\app.ts","statementMap":{"0":{"start":{"line":6,"column":29},"end":{"line":220,"column":10}},"1":{"start":{"line":230,"column":29},"end":{"line":232,"column":1}},"2":{"start":{"line":231,"column":2},"end":{"line":231,"column":41}},"3":{"start":{"line":234,"column":31},"end":{"line":237,"column":1}},"4":{"start":{"line":235,"column":19},"end":{"line":235,"column":83}},"5":{"start":{"line":236,"column":2},"end":{"line":236,"column":58}},"6":{"start":{"line":239,"column":33},"end":{"line":242,"column":1}},"7":{"start":{"line":240,"column":19},"end":{"line":240,"column":85}},"8":{"start":{"line":241,"column":2},"end":{"line":241,"column":62}},"9":{"start":{"line":244,"column":32},"end":{"line":246,"column":1}},"10":{"start":{"line":245,"column":2},"end":{"line":245,"column":41}},"11":{"start":{"line":248,"column":31},"end":{"line":250,"column":1}},"12":{"start":{"line":249,"column":2},"end":{"line":249,"column":51}},"13":{"start":{"line":252,"column":32},"end":{"line":254,"column":1}},"14":{"start":{"line":253,"column":2},"end":{"line":253,"column":69}},"15":{"start":{"line":257,"column":36},"end":{"line":268,"column":1}},"16":{"start":{"line":258,"column":24},"end":{"line":258,"column":73}},"17":{"start":{"line":259,"column":23},"end":{"line":259,"column":71}},"18":{"start":{"line":261,"column":2},"end":{"line":267,"column":4}}},"fnMap":{"0":{"name":"(anonymous_0)","decl":{"start":{"line":230,"column":29},"end":{"line":230,"column":30}},"loc":{"start":{"line":230,"column":58},"end":{"line":232,"column":1}},"line":230},"1":{"name":"(anonymous_1)","decl":{"start":{"line":234,"column":31},"end":{"line":234,"column":32}},"loc":{"start":{"line":234,"column":88},"end":{"line":237,"column":1}},"line":234},"2":{"name":"(anonymous_2)","decl":{"start":{"line":239,"column":33},"end":{"line":239,"column":34}},"loc":{"start":{"line":239,"column":92},"end":{"line":242,"column":1}},"line":239},"3":{"name":"(anonymous_3)","decl":{"start":{"line":244,"column":32},"end":{"line":244,"column":33}},"loc":{"start":{"line":244,"column":67},"end":{"line":246,"column":1}},"line":244},"4":{"name":"(anonymous_4)","decl":{"start":{"line":248,"column":31},"end":{"line":248,"column":32}},"loc":{"start":{"line":248,"column":68},"end":{"line":250,"column":1}},"line":248},"5":{"name":"(anonymous_5)","decl":{"start":{"line":252,"column":32},"end":{"line":252,"column":33}},"loc":{"start":{"line":252,"column":60},"end":{"line":254,"column":1}},"line":252},"6":{"name":"(anonymous_6)","decl":{"start":{"line":257,"column":36},"end":{"line":257,"column":37}},"loc":{"start":{"line":257,"column":42},"end":{"line":268,"column":1}},"line":257}},"branchMap":{"0":{"loc":{"start":{"line":236,"column":9},"end":{"line":236,"column":57}},"type":"binary-expr","locations":[{"start":{"line":236,"column":9},"end":{"line":236,"column":22}},{"start":{"line":236,"column":26},"end":{"line":236,"column":57}}],"line":236},"1":{"loc":{"start":{"line":241,"column":9},"end":{"line":241,"column":61}},"type":"binary-expr","locations":[{"start":{"line":241,"column":9},"end":{"line":241,"column":22}},{"start":{"line":241,"column":26},"end":{"line":241,"column":61}}],"line":241},"2":{"loc":{"start":{"line":264,"column":19},"end":{"line":264,"column":85}},"type":"binary-expr","locations":[{"start":{"line":264,"column":19},"end":{"line":264,"column":32}},{"start":{"line":264,"column":36},"end":{"line":264,"column":85}}],"line":264},"3":{"loc":{"start":{"line":265,"column":14},"end":{"line":265,"column":58}},"type":"binary-expr","locations":[{"start":{"line":265,"column":14},"end":{"line":265,"column":47}},{"start":{"line":265,"column":51},"end":{"line":265,"column":58}}],"line":265},"4":{"loc":{"start":{"line":266,"column":16},"end":{"line":266,"column":78}},"type":"cond-expr","locations":[{"start":{"line":266,"column":32},"end":{"line":266,"column":37}},{"start":{"line":266,"column":40},"end":{"line":266,"column":78}}],"line":266}},"s":{"0":0,"1":0,"2":0,"3":0,"4":0,"5":0,"6":0,"7":0,"8":0,"9":0,"10":0,"11":0,"12":0,"13":0,"14":0,"15":0,"16":0,"17":0,"18":0},"f":{"0":0,"1":0,"2":0,"3":0,"4":0,"5":0,"6":0},"b":{"0":[0,0],"1":[0,0],"2":[0,0],"3":[0,0],"4":[0,0]}}
,"C:\\Users\\shahid85\\Documents\\projects\\muhammadanway-tasbeeh-app-02\\src\\contexts\\TasbeehContext.tsx": {"path":"C:\\Users\\shahid85\\Documents\\projects\\muhammadanway-tasbeeh-app-02\\src\\contexts\\TasbeehContext.tsx","statementMap":{"0":{"start":{"line":13,"column":35},"end":{"line":19,"column":1}},"1":{"start":{"line":21,"column":33},"end":{"line":28,"column":1}},"2":{"start":{"line":30,"column":32},"end":{"line":40,"column":1}},"3":{"start":{"line":60,"column":23},"end":{"line":137,"column":2}},"4":{"start":{"line":61,"column":2},"end":{"line":136,"column":3}},"5":{"start":{"line":63,"column":6},"end":{"line":63,"column":53}},"6":{"start":{"line":66,"column":6},"end":{"line":66,"column":49}},"7":{"start":{"line":69,"column":6},"end":{"line":69,"column":52}},"8":{"start":{"line":72,"column":6},"end":{"line":72,"column":52}},"9":{"start":{"line":75,"column":6},"end":{"line":75,"column":52}},"10":{"start":{"line":78,"column":6},"end":{"line":78,"column":48}},"11":{"start":{"line":81,"column":6},"end":{"line":81,"column":57}},"12":{"start":{"line":84,"column":6},"end":{"line":84,"column":58}},"13":{"start":{"line":87,"column":6},"end":{"line":87,"column":64}},"14":{"start":{"line":90,"column":6},"end":{"line":100,"column":8}},"15":{"start":{"line":93,"column":10},"end":{"line":95,"column":21}},"16":{"start":{"line":103,"column":6},"end":{"line":106,"column":8}},"17":{"start":{"line":109,"column":6},"end":{"line":113,"column":8}},"18":{"start":{"line":111,"column":51},"end":{"line":111,"column":80}},"19":{"start":{"line":116,"column":6},"end":{"line":119,"column":8}},"20":{"start":{"line":122,"column":6},"end":{"line":132,"column":8}},"21":{"start":{"line":125,"column":10},"end":{"line":127,"column":21}},"22":{"start":{"line":135,"column":6},"end":{"line":135,"column":19}},"23":{"start":{"line":140,"column":23},"end":{"line":140,"column":69}},"24":{"start":{"line":143,"column":31},"end":{"line":943,"column":2}},"25":{"start":{"line":144,"column":28},"end":{"line":144,"column":69}},"26":{"start":{"line":147,"column":27},"end":{"line":147,"column":68}},"27":{"start":{"line":147,"column":41},"end":{"line":147,"column":63}},"28":{"start":{"line":148,"column":58},"end":{"line":148,"column":77}},"29":{"start":{"line":151,"column":2},"end":{"line":155,"column":66}},"30":{"start":{"line":152,"column":4},"end":{"line":154,"column":5}},"31":{"start":{"line":153,"column":6},"end":{"line":153,"column":55}},"32":{"start":{"line":158,"column":24},"end":{"line":168,"column":34}},"33":{"start":{"line":160,"column":4},"end":{"line":167,"column":6}},"34":{"start":{"line":161,"column":6},"end":{"line":161,"column":30}},"35":{"start":{"line":162,"column":6},"end":{"line":166,"column":51}},"36":{"start":{"line":163,"column":8},"end":{"line":165,"column":9}},"37":{"start":{"line":164,"column":10},"end":{"line":164,"column":32}},"38":{"start":{"line":171,"column":26},"end":{"line":197,"column":8}},"39":{"start":{"line":172,"column":4},"end":{"line":196,"column":5}},"40":{"start":{"line":173,"column":6},"end":{"line":173,"column":55}},"41":{"start":{"line":175,"column":82},"end":{"line":182,"column":8}},"42":{"start":{"line":184,"column":6},"end":{"line":184,"column":102}},"43":{"start":{"line":185,"column":6},"end":{"line":185,"column":60}},"44":{"start":{"line":186,"column":6},"end":{"line":186,"column":80}},"45":{"start":{"line":187,"column":6},"end":{"line":187,"column":52}},"46":{"start":{"line":188,"column":6},"end":{"line":188,"column":71}},"47":{"start":{"line":189,"column":6},"end":{"line":189,"column":107}},"48":{"start":{"line":190,"column":6},"end":{"line":190,"column":67}},"49":{"start":{"line":192,"column":6},"end":{"line":192,"column":80}},"50":{"start":{"line":193,"column":6},"end":{"line":193,"column":70}},"51":{"start":{"line":195,"column":6},"end":{"line":195,"column":56}},"52":{"start":{"line":200,"column":24},"end":{"line":216,"column":13}},"53":{"start":{"line":201,"column":4},"end":{"line":201,"column":44}},"54":{"start":{"line":201,"column":37},"end":{"line":201,"column":44}},"55":{"start":{"line":203,"column":4},"end":{"line":215,"column":5}},"56":{"start":{"line":204,"column":6},"end":{"line":211,"column":9}},"57":{"start":{"line":213,"column":6},"end":{"line":213,"column":77}},"58":{"start":{"line":214,"column":6},"end":{"line":214,"column":70}},"59":{"start":{"line":219,"column":24},"end":{"line":232,"column":21}},"60":{"start":{"line":220,"column":32},"end":{"line":228,"column":5}},"61":{"start":{"line":230,"column":4},"end":{"line":230,"column":59}},"62":{"start":{"line":231,"column":4},"end":{"line":231,"column":20}},"63":{"start":{"line":234,"column":24},"end":{"line":237,"column":21}},"64":{"start":{"line":235,"column":4},"end":{"line":235,"column":67}},"65":{"start":{"line":236,"column":4},"end":{"line":236,"column":20}},"66":{"start":{"line":239,"column":24},"end":{"line":253,"column":65}},"67":{"start":{"line":241,"column":4},"end":{"line":244,"column":5}},"68":{"start":{"line":242,"column":6},"end":{"line":242,"column":81}},"69":{"start":{"line":243,"column":6},"end":{"line":243,"column":13}},"70":{"start":{"line":247,"column":4},"end":{"line":249,"column":5}},"71":{"start":{"line":248,"column":6},"end":{"line":248,"column":25}},"72":{"start":{"line":251,"column":4},"end":{"line":251,"column":54}},"73":{"start":{"line":252,"column":4},"end":{"line":252,"column":20}},"74":{"start":{"line":256,"column":27},"end":{"line":353,"column":175}},"75":{"start":{"line":257,"column":20},"end":{"line":257,"column":57}},"76":{"start":{"line":257,"column":45},"end":{"line":257,"column":56}},"77":{"start":{"line":258,"column":4},"end":{"line":258,"column":25}},"78":{"start":{"line":258,"column":18},"end":{"line":258,"column":25}},"79":{"start":{"line":260,"column":26},"end":{"line":260,"column":39}},"80":{"start":{"line":261,"column":21},"end":{"line":261,"column":38}},"81":{"start":{"line":264,"column":4},"end":{"line":266,"column":5}},"82":{"start":{"line":265,"column":6},"end":{"line":265,"column":54}},"83":{"start":{"line":269,"column":4},"end":{"line":271,"column":5}},"84":{"start":{"line":270,"column":6},"end":{"line":270,"column":29}},"85":{"start":{"line":274,"column":4},"end":{"line":274,"column":88}},"86":{"start":{"line":277,"column":4},"end":{"line":284,"column":5}},"87":{"start":{"line":278,"column":47},"end":{"line":282,"column":7}},"88":{"start":{"line":283,"column":6},"end":{"line":283,"column":109}},"89":{"start":{"line":288,"column":4},"end":{"line":350,"column":5}},"90":{"start":{"line":289,"column":6},"end":{"line":349,"column":7}},"91":{"start":{"line":291,"column":25},"end":{"line":291,"column":83}},"92":{"start":{"line":294,"column":20},"end":{"line":294,"column":30}},"93":{"start":{"line":295,"column":35},"end":{"line":295,"column":61}},"94":{"start":{"line":296,"column":28},"end":{"line":296,"column":96}},"95":{"start":{"line":298,"column":8},"end":{"line":307,"column":9}},"96":{"start":{"line":300,"column":31},"end":{"line":300,"column":61}},"97":{"start":{"line":301,"column":10},"end":{"line":305,"column":11}},"98":{"start":{"line":302,"column":12},"end":{"line":304,"column":13}},"99":{"start":{"line":303,"column":14},"end":{"line":303,"column":80}},"100":{"start":{"line":306,"column":10},"end":{"line":306,"column":17}},"101":{"start":{"line":310,"column":30},"end":{"line":314,"column":9}},"102":{"start":{"line":311,"column":34},"end":{"line":311,"column":82}},"103":{"start":{"line":316,"column":25},"end":{"line":320,"column":9}},"104":{"start":{"line":317,"column":34},"end":{"line":317,"column":77}},"105":{"start":{"line":323,"column":28},"end":{"line":323,"column":80}},"106":{"start":{"line":326,"column":38},"end":{"line":330,"column":9}},"107":{"start":{"line":333,"column":8},"end":{"line":333,"column":62}},"108":{"start":{"line":334,"column":8},"end":{"line":334,"column":37}},"109":{"start":{"line":337,"column":8},"end":{"line":340,"column":9}},"110":{"start":{"line":338,"column":23},"end":{"line":338,"column":58}},"111":{"start":{"line":339,"column":10},"end":{"line":339,"column":74}},"112":{"start":{"line":339,"column":44},"end":{"line":339,"column":72}},"113":{"start":{"line":343,"column":8},"end":{"line":345,"column":9}},"114":{"start":{"line":344,"column":10},"end":{"line":344,"column":76}},"115":{"start":{"line":348,"column":8},"end":{"line":348,"column":90}},"116":{"start":{"line":352,"column":4},"end":{"line":352,"column":20}},"117":{"start":{"line":355,"column":23},"end":{"line":363,"column":42}},"118":{"start":{"line":357,"column":4},"end":{"line":359,"column":5}},"119":{"start":{"line":358,"column":6},"end":{"line":358,"column":25}},"120":{"start":{"line":361,"column":4},"end":{"line":361,"column":81}},"121":{"start":{"line":362,"column":4},"end":{"line":362,"column":20}},"122":{"start":{"line":365,"column":28},"end":{"line":368,"column":21}},"123":{"start":{"line":366,"column":4},"end":{"line":366,"column":64}},"124":{"start":{"line":367,"column":4},"end":{"line":367,"column":20}},"125":{"start":{"line":371,"column":23},"end":{"line":396,"column":58}},"126":{"start":{"line":372,"column":20},"end":{"line":372,"column":64}},"127":{"start":{"line":372,"column":45},"end":{"line":372,"column":63}},"128":{"start":{"line":373,"column":4},"end":{"line":373,"column":25}},"129":{"start":{"line":373,"column":18},"end":{"line":373,"column":25}},"130":{"start":{"line":376,"column":4},"end":{"line":378,"column":5}},"131":{"start":{"line":377,"column":6},"end":{"line":377,"column":25}},"132":{"start":{"line":381,"column":4},"end":{"line":381,"column":61}},"133":{"start":{"line":381,"column":54},"end":{"line":381,"column":61}},"134":{"start":{"line":383,"column":32},"end":{"line":392,"column":5}},"135":{"start":{"line":394,"column":4},"end":{"line":394,"column":66}},"136":{"start":{"line":395,"column":4},"end":{"line":395,"column":20}},"137":{"start":{"line":398,"column":21},"end":{"line":445,"column":88}},"138":{"start":{"line":399,"column":4},"end":{"line":399,"column":37}},"139":{"start":{"line":399,"column":30},"end":{"line":399,"column":37}},"140":{"start":{"line":401,"column":20},"end":{"line":401,"column":44}},"141":{"start":{"line":402,"column":21},"end":{"line":402,"column":104}},"142":{"start":{"line":404,"column":38},"end":{"line":408,"column":5}},"143":{"start":{"line":410,"column":4},"end":{"line":410,"column":65}},"144":{"start":{"line":411,"column":4},"end":{"line":411,"column":60}},"145":{"start":{"line":414,"column":4},"end":{"line":442,"column":5}},"146":{"start":{"line":416,"column":28},"end":{"line":420,"column":7}},"147":{"start":{"line":422,"column":23},"end":{"line":426,"column":7}},"148":{"start":{"line":429,"column":26},"end":{"line":429,"column":42}},"149":{"start":{"line":432,"column":36},"end":{"line":436,"column":7}},"150":{"start":{"line":439,"column":6},"end":{"line":441,"column":7}},"151":{"start":{"line":440,"column":8},"end":{"line":440,"column":74}},"152":{"start":{"line":444,"column":4},"end":{"line":444,"column":20}},"153":{"start":{"line":448,"column":30},"end":{"line":489,"column":3}},"154":{"start":{"line":449,"column":4},"end":{"line":449,"column":40}},"155":{"start":{"line":449,"column":31},"end":{"line":449,"column":40}},"156":{"start":{"line":452,"column":27},"end":{"line":459,"column":39}},"157":{"start":{"line":453,"column":19},"end":{"line":453,"column":61}},"158":{"start":{"line":454,"column":6},"end":{"line":456,"column":7}},"159":{"start":{"line":455,"column":8},"end":{"line":455,"column":23}},"160":{"start":{"line":457,"column":6},"end":{"line":457,"column":30}},"161":{"start":{"line":458,"column":6},"end":{"line":458,"column":17}},"162":{"start":{"line":462,"column":24},"end":{"line":464,"column":48}},"163":{"start":{"line":463,"column":19},"end":{"line":463,"column":33}},"164":{"start":{"line":464,"column":22},"end":{"line":464,"column":47}},"165":{"start":{"line":466,"column":4},"end":{"line":466,"column":43}},"166":{"start":{"line":466,"column":34},"end":{"line":466,"column":43}},"167":{"start":{"line":469,"column":21},"end":{"line":469,"column":22}},"168":{"start":{"line":470,"column":18},"end":{"line":470,"column":28}},"169":{"start":{"line":471,"column":4},"end":{"line":471,"column":31}},"170":{"start":{"line":473,"column":4},"end":{"line":486,"column":5}},"171":{"start":{"line":473,"column":17},"end":{"line":473,"column":18}},"172":{"start":{"line":474,"column":26},"end":{"line":474,"column":50}},"173":{"start":{"line":475,"column":6},"end":{"line":475,"column":39}},"174":{"start":{"line":477,"column":27},"end":{"line":477,"column":42}},"175":{"start":{"line":478,"column":6},"end":{"line":478,"column":48}},"176":{"start":{"line":479,"column":6},"end":{"line":479,"column":40}},"177":{"start":{"line":481,"column":6},"end":{"line":485,"column":7}},"178":{"start":{"line":482,"column":8},"end":{"line":482,"column":21}},"179":{"start":{"line":484,"column":8},"end":{"line":484,"column":14}},"180":{"start":{"line":488,"column":4},"end":{"line":488,"column":22}},"181":{"start":{"line":492,"column":25},"end":{"line":500,"column":37}},"182":{"start":{"line":494,"column":4},"end":{"line":496,"column":5}},"183":{"start":{"line":495,"column":6},"end":{"line":495,"column":57}},"184":{"start":{"line":498,"column":4},"end":{"line":498,"column":83}},"185":{"start":{"line":499,"column":4},"end":{"line":499,"column":20}},"186":{"start":{"line":503,"column":17},"end":{"line":566,"column":36}},"187":{"start":{"line":504,"column":4},"end":{"line":565,"column":5}},"188":{"start":{"line":505,"column":6},"end":{"line":505,"column":55}},"189":{"start":{"line":506,"column":6},"end":{"line":506,"column":53}},"190":{"start":{"line":508,"column":30},"end":{"line":508,"column":64}},"191":{"start":{"line":510,"column":6},"end":{"line":523,"column":7}},"192":{"start":{"line":512,"column":27},"end":{"line":512,"column":40}},"193":{"start":{"line":513,"column":8},"end":{"line":519,"column":9}},"194":{"start":{"line":514,"column":10},"end":{"line":514,"column":106}},"195":{"start":{"line":515,"column":15},"end":{"line":519,"column":9}},"196":{"start":{"line":516,"column":10},"end":{"line":516,"column":102}},"197":{"start":{"line":517,"column":15},"end":{"line":519,"column":9}},"198":{"start":{"line":518,"column":10},"end":{"line":518,"column":90}},"199":{"start":{"line":521,"column":8},"end":{"line":521,"column":63}},"200":{"start":{"line":522,"column":8},"end":{"line":522,"column":38}},"201":{"start":{"line":525,"column":6},"end":{"line":550,"column":7}},"202":{"start":{"line":526,"column":30},"end":{"line":531,"column":9}},"203":{"start":{"line":533,"column":8},"end":{"line":533,"column":57}},"204":{"start":{"line":536,"column":8},"end":{"line":541,"column":9}},"205":{"start":{"line":537,"column":10},"end":{"line":537,"column":32}},"206":{"start":{"line":539,"column":10},"end":{"line":539,"column":102}},"207":{"start":{"line":543,"column":8},"end":{"line":543,"column":24}},"208":{"start":{"line":546,"column":8},"end":{"line":546,"column":76}},"209":{"start":{"line":547,"column":8},"end":{"line":549,"column":17}},"210":{"start":{"line":548,"column":10},"end":{"line":548,"column":57}},"211":{"start":{"line":552,"column":6},"end":{"line":552,"column":67}},"212":{"start":{"line":555,"column":6},"end":{"line":557,"column":7}},"213":{"start":{"line":556,"column":8},"end":{"line":556,"column":20}},"214":{"start":{"line":560,"column":27},"end":{"line":560,"column":92}},"215":{"start":{"line":561,"column":6},"end":{"line":561,"column":61}},"216":{"start":{"line":562,"column":6},"end":{"line":562,"column":36}},"217":{"start":{"line":564,"column":6},"end":{"line":564,"column":56}},"218":{"start":{"line":568,"column":17},"end":{"line":622,"column":21}},"219":{"start":{"line":569,"column":4},"end":{"line":621,"column":5}},"220":{"start":{"line":570,"column":6},"end":{"line":570,"column":55}},"221":{"start":{"line":571,"column":6},"end":{"line":571,"column":53}},"222":{"start":{"line":573,"column":23},"end":{"line":573,"column":57}},"223":{"start":{"line":574,"column":41},"end":{"line":574,"column":56}},"224":{"start":{"line":576,"column":6},"end":{"line":579,"column":7}},"225":{"start":{"line":577,"column":8},"end":{"line":577,"column":64}},"226":{"start":{"line":578,"column":8},"end":{"line":578,"column":15}},"227":{"start":{"line":581,"column":6},"end":{"line":615,"column":7}},"228":{"start":{"line":582,"column":30},"end":{"line":587,"column":9}},"229":{"start":{"line":590,"column":8},"end":{"line":593,"column":9}},"230":{"start":{"line":591,"column":10},"end":{"line":591,"column":59}},"231":{"start":{"line":592,"column":10},"end":{"line":592,"column":26}},"232":{"start":{"line":596,"column":29},"end":{"line":596,"column":31}},"233":{"start":{"line":597,"column":8},"end":{"line":606,"column":9}},"234":{"start":{"line":598,"column":10},"end":{"line":598,"column":121}},"235":{"start":{"line":599,"column":10},"end":{"line":599,"column":117}},"236":{"start":{"line":600,"column":15},"end":{"line":606,"column":9}},"237":{"start":{"line":601,"column":10},"end":{"line":601,"column":63}},"238":{"start":{"line":602,"column":10},"end":{"line":602,"column":107}},"239":{"start":{"line":604,"column":10},"end":{"line":604,"column":80}},"240":{"start":{"line":605,"column":10},"end":{"line":605,"column":113}},"241":{"start":{"line":608,"column":8},"end":{"line":608,"column":65}},"242":{"start":{"line":609,"column":8},"end":{"line":611,"column":50}},"243":{"start":{"line":610,"column":10},"end":{"line":610,"column":57}},"244":{"start":{"line":613,"column":8},"end":{"line":613,"column":102}},"245":{"start":{"line":614,"column":8},"end":{"line":614,"column":127}},"246":{"start":{"line":617,"column":6},"end":{"line":617,"column":67}},"247":{"start":{"line":618,"column":6},"end":{"line":618,"column":94}},"248":{"start":{"line":620,"column":6},"end":{"line":620,"column":56}},"249":{"start":{"line":624,"column":18},"end":{"line":642,"column":21}},"250":{"start":{"line":625,"column":4},"end":{"line":641,"column":5}},"251":{"start":{"line":626,"column":6},"end":{"line":626,"column":55}},"252":{"start":{"line":628,"column":24},"end":{"line":628,"column":44}},"253":{"start":{"line":629,"column":6},"end":{"line":632,"column":7}},"254":{"start":{"line":630,"column":8},"end":{"line":630,"column":64}},"255":{"start":{"line":631,"column":8},"end":{"line":631,"column":15}},"256":{"start":{"line":634,"column":6},"end":{"line":634,"column":52}},"257":{"start":{"line":635,"column":6},"end":{"line":635,"column":22}},"258":{"start":{"line":637,"column":6},"end":{"line":637,"column":68}},"259":{"start":{"line":638,"column":6},"end":{"line":638,"column":69}},"260":{"start":{"line":640,"column":6},"end":{"line":640,"column":56}},"261":{"start":{"line":644,"column":24},"end":{"line":651,"column":21}},"262":{"start":{"line":645,"column":28},"end":{"line":648,"column":5}},"263":{"start":{"line":649,"column":4},"end":{"line":649,"column":55}},"264":{"start":{"line":650,"column":4},"end":{"line":650,"column":20}},"265":{"start":{"line":654,"column":23},"end":{"line":660,"column":38}},"266":{"start":{"line":655,"column":4},"end":{"line":659,"column":6}},"267":{"start":{"line":657,"column":33},"end":{"line":657,"column":42}},"268":{"start":{"line":663,"column":25},"end":{"line":677,"column":20}},"269":{"start":{"line":664,"column":22},"end":{"line":664,"column":36}},"270":{"start":{"line":667,"column":28},"end":{"line":674,"column":5}},"271":{"start":{"line":676,"column":4},"end":{"line":676,"column":79}},"272":{"start":{"line":680,"column":31},"end":{"line":708,"column":20}},"273":{"start":{"line":681,"column":22},"end":{"line":681,"column":36}},"274":{"start":{"line":682,"column":25},"end":{"line":682,"column":40}},"275":{"start":{"line":683,"column":22},"end":{"line":685,"column":5}},"276":{"start":{"line":684,"column":15},"end":{"line":684,"column":55}},"277":{"start":{"line":687,"column":4},"end":{"line":694,"column":5}},"278":{"start":{"line":688,"column":6},"end":{"line":693,"column":8}},"279":{"start":{"line":696,"column":21},"end":{"line":700,"column":5}},"280":{"start":{"line":702,"column":4},"end":{"line":707,"column":6}},"281":{"start":{"line":711,"column":24},"end":{"line":763,"column":33}},"282":{"start":{"line":712,"column":4},"end":{"line":715,"column":5}},"283":{"start":{"line":713,"column":6},"end":{"line":713,"column":84}},"284":{"start":{"line":714,"column":6},"end":{"line":714,"column":13}},"285":{"start":{"line":717,"column":4},"end":{"line":762,"column":5}},"286":{"start":{"line":718,"column":6},"end":{"line":718,"column":55}},"287":{"start":{"line":719,"column":6},"end":{"line":719,"column":53}},"288":{"start":{"line":721,"column":47},"end":{"line":724,"column":8}},"289":{"start":{"line":727,"column":6},"end":{"line":731,"column":7}},"290":{"start":{"line":728,"column":8},"end":{"line":728,"column":98}},"291":{"start":{"line":729,"column":8},"end":{"line":729,"column":54}},"292":{"start":{"line":730,"column":8},"end":{"line":730,"column":15}},"293":{"start":{"line":733,"column":6},"end":{"line":737,"column":7}},"294":{"start":{"line":734,"column":8},"end":{"line":734,"column":98}},"295":{"start":{"line":735,"column":8},"end":{"line":735,"column":54}},"296":{"start":{"line":736,"column":8},"end":{"line":736,"column":15}},"297":{"start":{"line":740,"column":6},"end":{"line":743,"column":7}},"298":{"start":{"line":741,"column":8},"end":{"line":741,"column":73}},"299":{"start":{"line":742,"column":8},"end":{"line":742,"column":83}},"300":{"start":{"line":745,"column":6},"end":{"line":747,"column":7}},"301":{"start":{"line":746,"column":8},"end":{"line":746,"column":73}},"302":{"start":{"line":750,"column":32},"end":{"line":753,"column":7}},"303":{"start":{"line":754,"column":6},"end":{"line":754,"column":59}},"304":{"start":{"line":756,"column":6},"end":{"line":756,"column":22}},"305":{"start":{"line":758,"column":6},"end":{"line":758,"column":75}},"306":{"start":{"line":759,"column":6},"end":{"line":759,"column":112}},"307":{"start":{"line":761,"column":6},"end":{"line":761,"column":56}},"308":{"start":{"line":766,"column":24},"end":{"line":849,"column":65}},"309":{"start":{"line":767,"column":4},"end":{"line":770,"column":5}},"310":{"start":{"line":768,"column":6},"end":{"line":768,"column":78}},"311":{"start":{"line":769,"column":6},"end":{"line":769,"column":13}},"312":{"start":{"line":772,"column":4},"end":{"line":848,"column":5}},"313":{"start":{"line":773,"column":6},"end":{"line":773,"column":55}},"314":{"start":{"line":774,"column":6},"end":{"line":774,"column":53}},"315":{"start":{"line":777,"column":57},"end":{"line":777,"column":80}},"316":{"start":{"line":779,"column":6},"end":{"line":784,"column":7}},"317":{"start":{"line":780,"column":8},"end":{"line":780,"column":102}},"318":{"start":{"line":781,"column":8},"end":{"line":781,"column":98}},"319":{"start":{"line":782,"column":8},"end":{"line":782,"column":54}},"320":{"start":{"line":783,"column":8},"end":{"line":783,"column":15}},"321":{"start":{"line":787,"column":6},"end":{"line":792,"column":7}},"322":{"start":{"line":788,"column":8},"end":{"line":788,"column":136}},"323":{"start":{"line":789,"column":8},"end":{"line":789,"column":99}},"324":{"start":{"line":790,"column":8},"end":{"line":790,"column":54}},"325":{"start":{"line":791,"column":8},"end":{"line":791,"column":15}},"326":{"start":{"line":795,"column":47},"end":{"line":798,"column":8}},"327":{"start":{"line":797,"column":57},"end":{"line":797,"column":66}},"328":{"start":{"line":801,"column":6},"end":{"line":812,"column":7}},"329":{"start":{"line":802,"column":8},"end":{"line":802,"column":93}},"330":{"start":{"line":803,"column":29},"end":{"line":805,"column":56}},"331":{"start":{"line":806,"column":8},"end":{"line":806,"column":63}},"332":{"start":{"line":808,"column":8},"end":{"line":810,"column":9}},"333":{"start":{"line":809,"column":10},"end":{"line":809,"column":56}},"334":{"start":{"line":811,"column":8},"end":{"line":811,"column":15}},"335":{"start":{"line":814,"column":6},"end":{"line":825,"column":7}},"336":{"start":{"line":815,"column":8},"end":{"line":815,"column":93}},"337":{"start":{"line":816,"column":29},"end":{"line":818,"column":56}},"338":{"start":{"line":819,"column":8},"end":{"line":819,"column":63}},"339":{"start":{"line":821,"column":8},"end":{"line":823,"column":9}},"340":{"start":{"line":822,"column":10},"end":{"line":822,"column":56}},"341":{"start":{"line":824,"column":8},"end":{"line":824,"column":15}},"342":{"start":{"line":828,"column":6},"end":{"line":828,"column":28}},"343":{"start":{"line":831,"column":32},"end":{"line":834,"column":7}},"344":{"start":{"line":835,"column":6},"end":{"line":835,"column":59}},"345":{"start":{"line":838,"column":6},"end":{"line":838,"column":79}},"346":{"start":{"line":839,"column":6},"end":{"line":841,"column":15}},"347":{"start":{"line":840,"column":8},"end":{"line":840,"column":55}},"348":{"start":{"line":844,"column":6},"end":{"line":844,"column":64}},"349":{"start":{"line":845,"column":6},"end":{"line":845,"column":107}},"350":{"start":{"line":847,"column":6},"end":{"line":847,"column":56}},"351":{"start":{"line":852,"column":2},"end":{"line":877,"column":19}},"352":{"start":{"line":853,"column":35},"end":{"line":872,"column":6}},"353":{"start":{"line":854,"column":6},"end":{"line":854,"column":93}},"354":{"start":{"line":856,"column":6},"end":{"line":871,"column":7}},"355":{"start":{"line":858,"column":8},"end":{"line":866,"column":9}},"356":{"start":{"line":859,"column":32},"end":{"line":864,"column":11}},"357":{"start":{"line":865,"column":10},"end":{"line":865,"column":59}},"358":{"start":{"line":867,"column":13},"end":{"line":871,"column":7}},"359":{"start":{"line":869,"column":8},"end":{"line":869,"column":54}},"360":{"start":{"line":870,"column":8},"end":{"line":870,"column":55}},"361":{"start":{"line":874,"column":4},"end":{"line":876,"column":6}},"362":{"start":{"line":875,"column":6},"end":{"line":875,"column":48}},"363":{"start":{"line":880,"column":2},"end":{"line":882,"column":24}},"364":{"start":{"line":881,"column":4},"end":{"line":881,"column":22}},"365":{"start":{"line":885,"column":2},"end":{"line":889,"column":29}},"366":{"start":{"line":886,"column":4},"end":{"line":888,"column":5}},"367":{"start":{"line":887,"column":6},"end":{"line":887,"column":22}},"368":{"start":{"line":892,"column":23},"end":{"line":936,"column":4}},"369":{"start":{"line":892,"column":58},"end":{"line":914,"column":3}},"370":{"start":{"line":938,"column":2},"end":{"line":942,"column":4}},"371":{"start":{"line":946,"column":18},"end":{"line":946,"column":44}},"372":{"start":{"line":947,"column":2},"end":{"line":949,"column":3}},"373":{"start":{"line":948,"column":4},"end":{"line":948,"column":72}},"374":{"start":{"line":950,"column":2},"end":{"line":950,"column":17}}},"fnMap":{"0":{"name":"(anonymous_0)","decl":{"start":{"line":60,"column":34},"end":{"line":60,"column":35}},"loc":{"start":{"line":60,"column":81},"end":{"line":137,"column":1}},"line":60},"1":{"name":"(anonymous_1)","decl":{"start":{"line":92,"column":37},"end":{"line":92,"column":38}},"loc":{"start":{"line":93,"column":10},"end":{"line":95,"column":21}},"line":93},"2":{"name":"(anonymous_2)","decl":{"start":{"line":111,"column":40},"end":{"line":111,"column":41}},"loc":{"start":{"line":111,"column":51},"end":{"line":111,"column":80}},"line":111},"3":{"name":"(anonymous_3)","decl":{"start":{"line":124,"column":37},"end":{"line":124,"column":38}},"loc":{"start":{"line":125,"column":10},"end":{"line":127,"column":21}},"line":125},"4":{"name":"(anonymous_4)","decl":{"start":{"line":143,"column":42},"end":{"line":143,"column":43}},"loc":{"start":{"line":143,"column":91},"end":{"line":943,"column":1}},"line":143},"5":{"name":"(anonymous_5)","decl":{"start":{"line":147,"column":35},"end":{"line":147,"column":36}},"loc":{"start":{"line":147,"column":41},"end":{"line":147,"column":63}},"line":147},"6":{"name":"(anonymous_6)","decl":{"start":{"line":151,"column":12},"end":{"line":151,"column":13}},"loc":{"start":{"line":151,"column":18},"end":{"line":155,"column":3}},"line":151},"7":{"name":"(anonymous_7)","decl":{"start":{"line":158,"column":32},"end":{"line":158,"column":33}},"loc":{"start":{"line":158,"column":38},"end":{"line":168,"column":3}},"line":158},"8":{"name":"(anonymous_8)","decl":{"start":{"line":160,"column":11},"end":{"line":160,"column":12}},"loc":{"start":{"line":160,"column":17},"end":{"line":167,"column":5}},"line":160},"9":{"name":"(anonymous_9)","decl":{"start":{"line":162,"column":29},"end":{"line":162,"column":30}},"loc":{"start":{"line":162,"column":41},"end":{"line":166,"column":7}},"line":162},"10":{"name":"(anonymous_10)","decl":{"start":{"line":171,"column":38},"end":{"line":171,"column":39}},"loc":{"start":{"line":171,"column":50},"end":{"line":197,"column":3}},"line":171},"11":{"name":"(anonymous_11)","decl":{"start":{"line":200,"column":36},"end":{"line":200,"column":37}},"loc":{"start":{"line":200,"column":48},"end":{"line":216,"column":3}},"line":200},"12":{"name":"(anonymous_12)","decl":{"start":{"line":219,"column":36},"end":{"line":219,"column":37}},"loc":{"start":{"line":219,"column":93},"end":{"line":232,"column":3}},"line":219},"13":{"name":"(anonymous_13)","decl":{"start":{"line":234,"column":36},"end":{"line":234,"column":37}},"loc":{"start":{"line":234,"column":85},"end":{"line":237,"column":3}},"line":234},"14":{"name":"(anonymous_14)","decl":{"start":{"line":239,"column":36},"end":{"line":239,"column":37}},"loc":{"start":{"line":239,"column":58},"end":{"line":253,"column":3}},"line":239},"15":{"name":"(anonymous_15)","decl":{"start":{"line":256,"column":39},"end":{"line":256,"column":40}},"loc":{"start":{"line":256,"column":61},"end":{"line":353,"column":3}},"line":256},"16":{"name":"(anonymous_16)","decl":{"start":{"line":257,"column":40},"end":{"line":257,"column":41}},"loc":{"start":{"line":257,"column":45},"end":{"line":257,"column":56}},"line":257},"17":{"name":"(anonymous_17)","decl":{"start":{"line":311,"column":29},"end":{"line":311,"column":30}},"loc":{"start":{"line":311,"column":34},"end":{"line":311,"column":82}},"line":311},"18":{"name":"(anonymous_18)","decl":{"start":{"line":317,"column":29},"end":{"line":317,"column":30}},"loc":{"start":{"line":317,"column":34},"end":{"line":317,"column":77}},"line":317},"19":{"name":"(anonymous_19)","decl":{"start":{"line":339,"column":37},"end":{"line":339,"column":38}},"loc":{"start":{"line":339,"column":44},"end":{"line":339,"column":72}},"line":339},"20":{"name":"(anonymous_20)","decl":{"start":{"line":355,"column":35},"end":{"line":355,"column":36}},"loc":{"start":{"line":355,"column":57},"end":{"line":363,"column":3}},"line":355},"21":{"name":"(anonymous_21)","decl":{"start":{"line":365,"column":40},"end":{"line":365,"column":41}},"loc":{"start":{"line":365,"column":62},"end":{"line":368,"column":3}},"line":365},"22":{"name":"(anonymous_22)","decl":{"start":{"line":371,"column":35},"end":{"line":371,"column":36}},"loc":{"start":{"line":371,"column":64},"end":{"line":396,"column":3}},"line":371},"23":{"name":"(anonymous_23)","decl":{"start":{"line":372,"column":40},"end":{"line":372,"column":41}},"loc":{"start":{"line":372,"column":45},"end":{"line":372,"column":63}},"line":372},"24":{"name":"(anonymous_24)","decl":{"start":{"line":398,"column":33},"end":{"line":398,"column":34}},"loc":{"start":{"line":398,"column":45},"end":{"line":445,"column":3}},"line":398},"25":{"name":"(anonymous_25)","decl":{"start":{"line":448,"column":30},"end":{"line":448,"column":31}},"loc":{"start":{"line":448,"column":55},"end":{"line":489,"column":3}},"line":448},"26":{"name":"(anonymous_26)","decl":{"start":{"line":452,"column":43},"end":{"line":452,"column":44}},"loc":{"start":{"line":452,"column":61},"end":{"line":459,"column":5}},"line":452},"27":{"name":"(anonymous_27)","decl":{"start":{"line":463,"column":11},"end":{"line":463,"column":12}},"loc":{"start":{"line":463,"column":19},"end":{"line":463,"column":33}},"line":463},"28":{"name":"(anonymous_28)","decl":{"start":{"line":464,"column":12},"end":{"line":464,"column":13}},"loc":{"start":{"line":464,"column":22},"end":{"line":464,"column":47}},"line":464},"29":{"name":"(anonymous_29)","decl":{"start":{"line":492,"column":37},"end":{"line":492,"column":38}},"loc":{"start":{"line":492,"column":75},"end":{"line":500,"column":3}},"line":492},"30":{"name":"(anonymous_30)","decl":{"start":{"line":503,"column":29},"end":{"line":503,"column":30}},"loc":{"start":{"line":503,"column":72},"end":{"line":566,"column":3}},"line":503},"31":{"name":"(anonymous_31)","decl":{"start":{"line":547,"column":19},"end":{"line":547,"column":20}},"loc":{"start":{"line":547,"column":25},"end":{"line":549,"column":9}},"line":547},"32":{"name":"(anonymous_32)","decl":{"start":{"line":568,"column":29},"end":{"line":568,"column":30}},"loc":{"start":{"line":568,"column":72},"end":{"line":622,"column":3}},"line":568},"33":{"name":"(anonymous_33)","decl":{"start":{"line":609,"column":19},"end":{"line":609,"column":20}},"loc":{"start":{"line":609,"column":25},"end":{"line":611,"column":9}},"line":609},"34":{"name":"(anonymous_34)","decl":{"start":{"line":624,"column":30},"end":{"line":624,"column":31}},"loc":{"start":{"line":624,"column":42},"end":{"line":642,"column":3}},"line":624},"35":{"name":"(anonymous_35)","decl":{"start":{"line":644,"column":36},"end":{"line":644,"column":37}},"loc":{"start":{"line":644,"column":48},"end":{"line":651,"column":3}},"line":644},"36":{"name":"(anonymous_36)","decl":{"start":{"line":654,"column":35},"end":{"line":654,"column":36}},"loc":{"start":{"line":654,"column":52},"end":{"line":660,"column":3}},"line":654},"37":{"name":"(anonymous_37)","decl":{"start":{"line":657,"column":28},"end":{"line":657,"column":29}},"loc":{"start":{"line":657,"column":33},"end":{"line":657,"column":42}},"line":657},"38":{"name":"(anonymous_38)","decl":{"start":{"line":663,"column":37},"end":{"line":663,"column":38}},"loc":{"start":{"line":663,"column":43},"end":{"line":677,"column":3}},"line":663},"39":{"name":"(anonymous_39)","decl":{"start":{"line":680,"column":43},"end":{"line":680,"column":44}},"loc":{"start":{"line":680,"column":49},"end":{"line":708,"column":3}},"line":680},"40":{"name":"(anonymous_40)","decl":{"start":{"line":684,"column":6},"end":{"line":684,"column":7}},"loc":{"start":{"line":684,"column":15},"end":{"line":684,"column":55}},"line":684},"41":{"name":"(anonymous_41)","decl":{"start":{"line":711,"column":36},"end":{"line":711,"column":37}},"loc":{"start":{"line":711,"column":48},"end":{"line":763,"column":3}},"line":711},"42":{"name":"(anonymous_42)","decl":{"start":{"line":766,"column":36},"end":{"line":766,"column":37}},"loc":{"start":{"line":766,"column":48},"end":{"line":849,"column":3}},"line":766},"43":{"name":"(anonymous_43)","decl":{"start":{"line":797,"column":52},"end":{"line":797,"column":53}},"loc":{"start":{"line":797,"column":57},"end":{"line":797,"column":66}},"line":797},"44":{"name":"(anonymous_44)","decl":{"start":{"line":839,"column":17},"end":{"line":839,"column":18}},"loc":{"start":{"line":839,"column":23},"end":{"line":841,"column":7}},"line":839},"45":{"name":"(anonymous_45)","decl":{"start":{"line":852,"column":12},"end":{"line":852,"column":13}},"loc":{"start":{"line":852,"column":18},"end":{"line":877,"column":3}},"line":852},"46":{"name":"(anonymous_46)","decl":{"start":{"line":853,"column":58},"end":{"line":853,"column":59}},"loc":{"start":{"line":853,"column":84},"end":{"line":872,"column":5}},"line":853},"47":{"name":"(anonymous_47)","decl":{"start":{"line":874,"column":11},"end":{"line":874,"column":12}},"loc":{"start":{"line":874,"column":17},"end":{"line":876,"column":5}},"line":874},"48":{"name":"(anonymous_48)","decl":{"start":{"line":880,"column":12},"end":{"line":880,"column":13}},"loc":{"start":{"line":880,"column":18},"end":{"line":882,"column":3}},"line":880},"49":{"name":"(anonymous_49)","decl":{"start":{"line":885,"column":12},"end":{"line":885,"column":13}},"loc":{"start":{"line":885,"column":18},"end":{"line":889,"column":3}},"line":885},"50":{"name":"(anonymous_50)","decl":{"start":{"line":892,"column":51},"end":{"line":892,"column":52}},"loc":{"start":{"line":892,"column":58},"end":{"line":914,"column":3}},"line":892},"51":{"name":"useTasbeeh","decl":{"start":{"line":945,"column":16},"end":{"line":945,"column":26}},"loc":{"start":{"line":945,"column":29},"end":{"line":951,"column":1}},"line":945}},"branchMap":{"0":{"loc":{"start":{"line":61,"column":2},"end":{"line":136,"column":3}},"type":"switch","locations":[{"start":{"line":62,"column":4},"end":{"line":63,"column":53}},{"start":{"line":65,"column":4},"end":{"line":66,"column":49}},{"start":{"line":68,"column":4},"end":{"line":69,"column":52}},{"start":{"line":71,"column":4},"end":{"line":72,"column":52}},{"start":{"line":74,"column":4},"end":{"line":75,"column":52}},{"start":{"line":77,"column":4},"end":{"line":78,"column":48}},{"start":{"line":80,"column":4},"end":{"line":81,"column":57}},{"start":{"line":83,"column":4},"end":{"line":84,"column":58}},{"start":{"line":86,"column":4},"end":{"line":87,"column":64}},{"start":{"line":89,"column":4},"end":{"line":100,"column":8}},{"start":{"line":102,"column":4},"end":{"line":106,"column":8}},{"start":{"line":108,"column":4},"end":{"line":113,"column":8}},{"start":{"line":115,"column":4},"end":{"line":119,"column":8}},{"start":{"line":121,"column":4},"end":{"line":132,"column":8}},{"start":{"line":134,"column":4},"end":{"line":135,"column":19}}],"line":61},"1":{"loc":{"start":{"line":93,"column":10},"end":{"line":95,"column":21}},"type":"cond-expr","locations":[{"start":{"line":94,"column":14},"end":{"line":94,"column":92}},{"start":{"line":95,"column":14},"end":{"line":95,"column":21}}],"line":93},"2":{"loc":{"start":{"line":97,"column":24},"end":{"line":99,"column":32}},"type":"cond-expr","locations":[{"start":{"line":98,"column":12},"end":{"line":98,"column":103}},{"start":{"line":99,"column":12},"end":{"line":99,"column":32}}],"line":97},"3":{"loc":{"start":{"line":112,"column":24},"end":{"line":112,"column":118}},"type":"cond-expr","locations":[{"start":{"line":112,"column":70},"end":{"line":112,"column":95}},{"start":{"line":112,"column":98},"end":{"line":112,"column":118}}],"line":112},"4":{"loc":{"start":{"line":112,"column":70},"end":{"line":112,"column":95}},"type":"binary-expr","locations":[{"start":{"line":112,"column":70},"end":{"line":112,"column":87}},{"start":{"line":112,"column":91},"end":{"line":112,"column":95}}],"line":112},"5":{"loc":{"start":{"line":125,"column":10},"end":{"line":127,"column":21}},"type":"cond-expr","locations":[{"start":{"line":126,"column":14},"end":{"line":126,"column":55}},{"start":{"line":127,"column":14},"end":{"line":127,"column":21}}],"line":125},"6":{"loc":{"start":{"line":129,"column":23},"end":{"line":131,"column":31}},"type":"cond-expr","locations":[{"start":{"line":130,"column":12},"end":{"line":130,"column":65}},{"start":{"line":131,"column":12},"end":{"line":131,"column":31}}],"line":129},"7":{"loc":{"start":{"line":152,"column":4},"end":{"line":154,"column":5}},"type":"if","locations":[{"start":{"line":152,"column":4},"end":{"line":154,"column":5}},{"start":{},"end":{}}],"line":152},"8":{"loc":{"start":{"line":163,"column":8},"end":{"line":165,"column":9}},"type":"if","locations":[{"start":{"line":163,"column":8},"end":{"line":165,"column":9}},{"start":{},"end":{}}],"line":163},"9":{"loc":{"start":{"line":184,"column":48},"end":{"line":184,"column":98}},"type":"cond-expr","locations":[{"start":{"line":184,"column":70},"end":{"line":184,"column":78}},{"start":{"line":184,"column":81},"end":{"line":184,"column":98}}],"line":184},"10":{"loc":{"start":{"line":186,"column":48},"end":{"line":186,"column":76}},"type":"binary-expr","locations":[{"start":{"line":186,"column":48},"end":{"line":186,"column":56}},{"start":{"line":186,"column":60},"end":{"line":186,"column":76}}],"line":186},"11":{"loc":{"start":{"line":189,"column":55},"end":{"line":189,"column":103}},"type":"binary-expr","locations":[{"start":{"line":189,"column":55},"end":{"line":189,"column":69}},{"start":{"line":189,"column":73},"end":{"line":189,"column":84}},{"start":{"line":189,"column":88},"end":{"line":189,"column":103}}],"line":189},"12":{"loc":{"start":{"line":201,"column":4},"end":{"line":201,"column":44}},"type":"if","locations":[{"start":{"line":201,"column":4},"end":{"line":201,"column":44}},{"start":{},"end":{}}],"line":201},"13":{"loc":{"start":{"line":225,"column":13},"end":{"line":225,"column":41}},"type":"binary-expr","locations":[{"start":{"line":225,"column":13},"end":{"line":225,"column":18}},{"start":{"line":225,"column":22},"end":{"line":225,"column":41}}],"line":225},"14":{"loc":{"start":{"line":241,"column":4},"end":{"line":244,"column":5}},"type":"if","locations":[{"start":{"line":241,"column":4},"end":{"line":244,"column":5}},{"start":{},"end":{}}],"line":241},"15":{"loc":{"start":{"line":247,"column":4},"end":{"line":249,"column":5}},"type":"if","locations":[{"start":{"line":247,"column":4},"end":{"line":249,"column":5}},{"start":{},"end":{}}],"line":247},"16":{"loc":{"start":{"line":258,"column":4},"end":{"line":258,"column":25}},"type":"if","locations":[{"start":{"line":258,"column":4},"end":{"line":258,"column":25}},{"start":{},"end":{}}],"line":258},"17":{"loc":{"start":{"line":264,"column":4},"end":{"line":266,"column":5}},"type":"if","locations":[{"start":{"line":264,"column":4},"end":{"line":266,"column":5}},{"start":{},"end":{}}],"line":264},"18":{"loc":{"start":{"line":264,"column":8},"end":{"line":264,"column":62}},"type":"binary-expr","locations":[{"start":{"line":264,"column":8},"end":{"line":264,"column":37}},{"start":{"line":264,"column":41},"end":{"line":264,"column":62}}],"line":264},"19":{"loc":{"start":{"line":269,"column":4},"end":{"line":271,"column":5}},"type":"if","locations":[{"start":{"line":269,"column":4},"end":{"line":271,"column":5}},{"start":{},"end":{}}],"line":269},"20":{"loc":{"start":{"line":269,"column":8},"end":{"line":269,"column":68}},"type":"binary-expr","locations":[{"start":{"line":269,"column":8},"end":{"line":269,"column":28}},{"start":{"line":269,"column":32},"end":{"line":269,"column":68}}],"line":269},"21":{"loc":{"start":{"line":277,"column":4},"end":{"line":284,"column":5}},"type":"if","locations":[{"start":{"line":277,"column":4},"end":{"line":284,"column":5}},{"start":{},"end":{}}],"line":277},"22":{"loc":{"start":{"line":277,"column":8},"end":{"line":277,"column":67}},"type":"binary-expr","locations":[{"start":{"line":277,"column":8},"end":{"line":277,"column":27}},{"start":{"line":277,"column":31},"end":{"line":277,"column":67}}],"line":277},"23":{"loc":{"start":{"line":288,"column":4},"end":{"line":350,"column":5}},"type":"if","locations":[{"start":{"line":288,"column":4},"end":{"line":350,"column":5}},{"start":{},"end":{}}],"line":288},"24":{"loc":{"start":{"line":288,"column":8},"end":{"line":288,"column":88}},"type":"binary-expr","locations":[{"start":{"line":288,"column":8},"end":{"line":288,"column":36}},{"start":{"line":288,"column":40},"end":{"line":288,"column":88}}],"line":288},"25":{"loc":{"start":{"line":298,"column":8},"end":{"line":307,"column":9}},"type":"if","locations":[{"start":{"line":298,"column":8},"end":{"line":307,"column":9}},{"start":{},"end":{}}],"line":298},"26":{"loc":{"start":{"line":298,"column":12},"end":{"line":298,"column":58}},"type":"binary-expr","locations":[{"start":{"line":298,"column":12},"end":{"line":298,"column":24}},{"start":{"line":298,"column":28},"end":{"line":298,"column":58}}],"line":298},"27":{"loc":{"start":{"line":301,"column":10},"end":{"line":305,"column":11}},"type":"if","locations":[{"start":{"line":301,"column":10},"end":{"line":305,"column":11}},{"start":{},"end":{}}],"line":301},"28":{"loc":{"start":{"line":301,"column":14},"end":{"line":301,"column":53}},"type":"binary-expr","locations":[{"start":{"line":301,"column":14},"end":{"line":301,"column":26}},{"start":{"line":301,"column":30},"end":{"line":301,"column":53}}],"line":301},"29":{"loc":{"start":{"line":311,"column":34},"end":{"line":311,"column":82}},"type":"cond-expr","locations":[{"start":{"line":311,"column":48},"end":{"line":311,"column":78}},{"start":{"line":311,"column":81},"end":{"line":311,"column":82}}],"line":311},"30":{"loc":{"start":{"line":317,"column":34},"end":{"line":317,"column":77}},"type":"cond-expr","locations":[{"start":{"line":317,"column":48},"end":{"line":317,"column":73}},{"start":{"line":317,"column":76},"end":{"line":317,"column":77}}],"line":317},"31":{"loc":{"start":{"line":337,"column":8},"end":{"line":340,"column":9}},"type":"if","locations":[{"start":{"line":337,"column":8},"end":{"line":340,"column":9}},{"start":{},"end":{}}],"line":337},"32":{"loc":{"start":{"line":357,"column":4},"end":{"line":359,"column":5}},"type":"if","locations":[{"start":{"line":357,"column":4},"end":{"line":359,"column":5}},{"start":{},"end":{}}],"line":357},"33":{"loc":{"start":{"line":373,"column":4},"end":{"line":373,"column":25}},"type":"if","locations":[{"start":{"line":373,"column":4},"end":{"line":373,"column":25}},{"start":{},"end":{}}],"line":373},"34":{"loc":{"start":{"line":376,"column":4},"end":{"line":378,"column":5}},"type":"if","locations":[{"start":{"line":376,"column":4},"end":{"line":378,"column":5}},{"start":{},"end":{}}],"line":376},"35":{"loc":{"start":{"line":376,"column":8},"end":{"line":376,"column":74}},"type":"binary-expr","locations":[{"start":{"line":376,"column":8},"end":{"line":376,"column":27}},{"start":{"line":376,"column":31},"end":{"line":376,"column":74}}],"line":376},"36":{"loc":{"start":{"line":381,"column":4},"end":{"line":381,"column":61}},"type":"if","locations":[{"start":{"line":381,"column":4},"end":{"line":381,"column":61}},{"start":{},"end":{}}],"line":381},"37":{"loc":{"start":{"line":399,"column":4},"end":{"line":399,"column":37}},"type":"if","locations":[{"start":{"line":399,"column":4},"end":{"line":399,"column":37}},{"start":{},"end":{}}],"line":399},"38":{"loc":{"start":{"line":414,"column":4},"end":{"line":442,"column":5}},"type":"if","locations":[{"start":{"line":414,"column":4},"end":{"line":442,"column":5}},{"start":{},"end":{}}],"line":414},"39":{"loc":{"start":{"line":449,"column":4},"end":{"line":449,"column":40}},"type":"if","locations":[{"start":{"line":449,"column":4},"end":{"line":449,"column":40}},{"start":{},"end":{}}],"line":449},"40":{"loc":{"start":{"line":454,"column":6},"end":{"line":456,"column":7}},"type":"if","locations":[{"start":{"line":454,"column":6},"end":{"line":456,"column":7}},{"start":{},"end":{}}],"line":454},"41":{"loc":{"start":{"line":466,"column":4},"end":{"line":466,"column":43}},"type":"if","locations":[{"start":{"line":466,"column":4},"end":{"line":466,"column":43}},{"start":{},"end":{}}],"line":466},"42":{"loc":{"start":{"line":481,"column":6},"end":{"line":485,"column":7}},"type":"if","locations":[{"start":{"line":481,"column":6},"end":{"line":485,"column":7}},{"start":{"line":483,"column":13},"end":{"line":485,"column":7}}],"line":481},"43":{"loc":{"start":{"line":494,"column":4},"end":{"line":496,"column":5}},"type":"if","locations":[{"start":{"line":494,"column":4},"end":{"line":496,"column":5}},{"start":{},"end":{}}],"line":494},"44":{"loc":{"start":{"line":495,"column":24},"end":{"line":495,"column":55}},"type":"binary-expr","locations":[{"start":{"line":495,"column":24},"end":{"line":495,"column":46}},{"start":{"line":495,"column":50},"end":{"line":495,"column":55}}],"line":495},"45":{"loc":{"start":{"line":510,"column":6},"end":{"line":523,"column":7}},"type":"if","locations":[{"start":{"line":510,"column":6},"end":{"line":523,"column":7}},{"start":{},"end":{}}],"line":510},"46":{"loc":{"start":{"line":513,"column":8},"end":{"line":519,"column":9}},"type":"if","locations":[{"start":{"line":513,"column":8},"end":{"line":519,"column":9}},{"start":{"line":515,"column":15},"end":{"line":519,"column":9}}],"line":513},"47":{"loc":{"start":{"line":515,"column":15},"end":{"line":519,"column":9}},"type":"if","locations":[{"start":{"line":515,"column":15},"end":{"line":519,"column":9}},{"start":{"line":517,"column":15},"end":{"line":519,"column":9}}],"line":515},"48":{"loc":{"start":{"line":517,"column":15},"end":{"line":519,"column":9}},"type":"if","locations":[{"start":{"line":517,"column":15},"end":{"line":519,"column":9}},{"start":{},"end":{}}],"line":517},"49":{"loc":{"start":{"line":525,"column":6},"end":{"line":550,"column":7}},"type":"if","locations":[{"start":{"line":525,"column":6},"end":{"line":550,"column":7}},{"start":{},"end":{}}],"line":525},"50":{"loc":{"start":{"line":528,"column":17},"end":{"line":528,"column":45}},"type":"binary-expr","locations":[{"start":{"line":528,"column":17},"end":{"line":528,"column":32}},{"start":{"line":528,"column":36},"end":{"line":528,"column":45}}],"line":528},"51":{"loc":{"start":{"line":555,"column":6},"end":{"line":557,"column":7}},"type":"if","locations":[{"start":{"line":555,"column":6},"end":{"line":557,"column":7}},{"start":{},"end":{}}],"line":555},"52":{"loc":{"start":{"line":555,"column":10},"end":{"line":555,"column":60}},"type":"binary-expr","locations":[{"start":{"line":555,"column":10},"end":{"line":555,"column":23}},{"start":{"line":555,"column":27},"end":{"line":555,"column":60}}],"line":555},"53":{"loc":{"start":{"line":576,"column":6},"end":{"line":579,"column":7}},"type":"if","locations":[{"start":{"line":576,"column":6},"end":{"line":579,"column":7}},{"start":{},"end":{}}],"line":576},"54":{"loc":{"start":{"line":581,"column":6},"end":{"line":615,"column":7}},"type":"if","locations":[{"start":{"line":581,"column":6},"end":{"line":615,"column":7}},{"start":{"line":612,"column":13},"end":{"line":615,"column":7}}],"line":581},"55":{"loc":{"start":{"line":584,"column":17},"end":{"line":584,"column":45}},"type":"binary-expr","locations":[{"start":{"line":584,"column":17},"end":{"line":584,"column":32}},{"start":{"line":584,"column":36},"end":{"line":584,"column":45}}],"line":584},"56":{"loc":{"start":{"line":590,"column":8},"end":{"line":593,"column":9}},"type":"if","locations":[{"start":{"line":590,"column":8},"end":{"line":593,"column":9}},{"start":{},"end":{}}],"line":590},"57":{"loc":{"start":{"line":590,"column":12},"end":{"line":590,"column":66}},"type":"binary-expr","locations":[{"start":{"line":590,"column":12},"end":{"line":590,"column":33}},{"start":{"line":590,"column":37},"end":{"line":590,"column":66}}],"line":590},"58":{"loc":{"start":{"line":597,"column":8},"end":{"line":606,"column":9}},"type":"if","locations":[{"start":{"line":597,"column":8},"end":{"line":606,"column":9}},{"start":{"line":600,"column":15},"end":{"line":606,"column":9}}],"line":597},"59":{"loc":{"start":{"line":600,"column":15},"end":{"line":606,"column":9}},"type":"if","locations":[{"start":{"line":600,"column":15},"end":{"line":606,"column":9}},{"start":{"line":603,"column":15},"end":{"line":606,"column":9}}],"line":600},"60":{"loc":{"start":{"line":629,"column":6},"end":{"line":632,"column":7}},"type":"if","locations":[{"start":{"line":629,"column":6},"end":{"line":632,"column":7}},{"start":{},"end":{}}],"line":629},"61":{"loc":{"start":{"line":687,"column":4},"end":{"line":694,"column":5}},"type":"if","locations":[{"start":{"line":687,"column":4},"end":{"line":694,"column":5}},{"start":{},"end":{}}],"line":687},"62":{"loc":{"start":{"line":712,"column":4},"end":{"line":715,"column":5}},"type":"if","locations":[{"start":{"line":712,"column":4},"end":{"line":715,"column":5}},{"start":{},"end":{}}],"line":712},"63":{"loc":{"start":{"line":712,"column":8},"end":{"line":712,"column":41}},"type":"binary-expr","locations":[{"start":{"line":712,"column":8},"end":{"line":712,"column":19}},{"start":{"line":712,"column":23},"end":{"line":712,"column":41}}],"line":712},"64":{"loc":{"start":{"line":727,"column":6},"end":{"line":731,"column":7}},"type":"if","locations":[{"start":{"line":727,"column":6},"end":{"line":731,"column":7}},{"start":{},"end":{}}],"line":727},"65":{"loc":{"start":{"line":733,"column":6},"end":{"line":737,"column":7}},"type":"if","locations":[{"start":{"line":733,"column":6},"end":{"line":737,"column":7}},{"start":{},"end":{}}],"line":733},"66":{"loc":{"start":{"line":740,"column":6},"end":{"line":743,"column":7}},"type":"if","locations":[{"start":{"line":740,"column":6},"end":{"line":743,"column":7}},{"start":{},"end":{}}],"line":740},"67":{"loc":{"start":{"line":740,"column":10},"end":{"line":740,"column":63}},"type":"binary-expr","locations":[{"start":{"line":740,"column":10},"end":{"line":740,"column":29}},{"start":{"line":740,"column":33},"end":{"line":740,"column":63}}],"line":740},"68":{"loc":{"start":{"line":745,"column":6},"end":{"line":747,"column":7}},"type":"if","locations":[{"start":{"line":745,"column":6},"end":{"line":747,"column":7}},{"start":{},"end":{}}],"line":745},"69":{"loc":{"start":{"line":745,"column":10},"end":{"line":745,"column":63}},"type":"binary-expr","locations":[{"start":{"line":745,"column":10},"end":{"line":745,"column":29}},{"start":{"line":745,"column":33},"end":{"line":745,"column":63}}],"line":745},"70":{"loc":{"start":{"line":767,"column":4},"end":{"line":770,"column":5}},"type":"if","locations":[{"start":{"line":767,"column":4},"end":{"line":770,"column":5}},{"start":{},"end":{}}],"line":767},"71":{"loc":{"start":{"line":767,"column":8},"end":{"line":767,"column":41}},"type":"binary-expr","locations":[{"start":{"line":767,"column":8},"end":{"line":767,"column":19}},{"start":{"line":767,"column":23},"end":{"line":767,"column":41}}],"line":767},"72":{"loc":{"start":{"line":779,"column":6},"end":{"line":784,"column":7}},"type":"if","locations":[{"start":{"line":779,"column":6},"end":{"line":784,"column":7}},{"start":{},"end":{}}],"line":779},"73":{"loc":{"start":{"line":779,"column":10},"end":{"line":779,"column":40}},"type":"binary-expr","locations":[{"start":{"line":779,"column":10},"end":{"line":779,"column":22}},{"start":{"line":779,"column":26},"end":{"line":779,"column":40}}],"line":779},"74":{"loc":{"start":{"line":787,"column":6},"end":{"line":792,"column":7}},"type":"if","locations":[{"start":{"line":787,"column":6},"end":{"line":792,"column":7}},{"start":{},"end":{}}],"line":787},"75":{"loc":{"start":{"line":801,"column":6},"end":{"line":812,"column":7}},"type":"if","locations":[{"start":{"line":801,"column":6},"end":{"line":812,"column":7}},{"start":{},"end":{}}],"line":801},"76":{"loc":{"start":{"line":803,"column":29},"end":{"line":805,"column":56}},"type":"cond-expr","locations":[{"start":{"line":804,"column":12},"end":{"line":804,"column":59}},{"start":{"line":805,"column":12},"end":{"line":805,"column":56}}],"line":803},"77":{"loc":{"start":{"line":808,"column":8},"end":{"line":810,"column":9}},"type":"if","locations":[{"start":{"line":808,"column":8},"end":{"line":810,"column":9}},{"start":{},"end":{}}],"line":808},"78":{"loc":{"start":{"line":814,"column":6},"end":{"line":825,"column":7}},"type":"if","locations":[{"start":{"line":814,"column":6},"end":{"line":825,"column":7}},{"start":{},"end":{}}],"line":814},"79":{"loc":{"start":{"line":816,"column":29},"end":{"line":818,"column":56}},"type":"cond-expr","locations":[{"start":{"line":817,"column":12},"end":{"line":817,"column":59}},{"start":{"line":818,"column":12},"end":{"line":818,"column":56}}],"line":816},"80":{"loc":{"start":{"line":821,"column":8},"end":{"line":823,"column":9}},"type":"if","locations":[{"start":{"line":821,"column":8},"end":{"line":823,"column":9}},{"start":{},"end":{}}],"l
[...]
:{"start":{"line":299,"column":15},"end":{"line":303,"column":9}},"type":"if","locations":[{"start":{"line":299,"column":15},"end":{"line":303,"column":9}},{"start":{"line":301,"column":15},"end":{"line":303,"column":9}}],"line":299},"48":{"loc":{"start":{"line":299,"column":19},"end":{"line":299,"column":97}},"type":"binary-expr","locations":[{"start":{"line":299,"column":19},"end":{"line":299,"column":59}},{"start":{"line":299,"column":63},"end":{"line":299,"column":97}}],"line":299},"49":{"loc":{"start":{"line":301,"column":15},"end":{"line":303,"column":9}},"type":"if","locations":[{"start":{"line":301,"column":15},"end":{"line":303,"column":9}},{"start":{},"end":{}}],"line":301},"50":{"loc":{"start":{"line":314,"column":16},"end":{"line":314,"column":51}},"type":"cond-expr","locations":[{"start":{"line":314,"column":30},"end":{"line":314,"column":39}},{"start":{"line":314,"column":42},"end":{"line":314,"column":51}}],"line":314},"51":{"loc":{"start":{"line":315,"column":24},"end":{"line":315,"column":67}},"type":"cond-expr","locations":[{"start":{"line":315,"column":40},"end":{"line":315,"column":51}},{"start":{"line":315,"column":54},"end":{"line":315,"column":67}}],"line":315},"52":{"loc":{"start":{"line":316,"column":24},"end":{"line":316,"column":61}},"type":"cond-expr","locations":[{"start":{"line":316,"column":40},"end":{"line":316,"column":49}},{"start":{"line":316,"column":52},"end":{"line":316,"column":61}}],"line":316},"53":{"loc":{"start":{"line":317,"column":18},"end":{"line":317,"column":44}},"type":"binary-expr","locations":[{"start":{"line":317,"column":18},"end":{"line":317,"column":34}},{"start":{"line":317,"column":38},"end":{"line":317,"column":44}}],"line":317},"54":{"loc":{"start":{"line":322,"column":14},"end":{"line":322,"column":26}},"type":"binary-expr","locations":[{"start":{"line":322,"column":14},"end":{"line":322,"column":18}},{"start":{"line":322,"column":22},"end":{"line":322,"column":26}}],"line":322},"55":{"loc":{"start":{"line":325,"column":29},"end":{"line":325,"column":58}},"type":"binary-expr","locations":[{"start":{"line":325,"column":29},"end":{"line":325,"column":43}},{"start":{"line":325,"column":47},"end":{"line":325,"column":58}}],"line":325},"56":{"loc":{"start":{"line":331,"column":45},"end":{"line":331,"column":117}},"type":"binary-expr","locations":[{"start":{"line":331,"column":45},"end":{"line":331,"column":59}},{"start":{"line":331,"column":63},"end":{"line":331,"column":117}}],"line":331},"57":{"loc":{"start":{"line":339,"column":6},"end":{"line":341,"column":7}},"type":"if","locations":[{"start":{"line":339,"column":6},"end":{"line":341,"column":7}},{"start":{},"end":{}}],"line":339},"58":{"loc":{"start":{"line":339,"column":10},"end":{"line":339,"column":33}},"type":"binary-expr","locations":[{"start":{"line":339,"column":10},"end":{"line":339,"column":16}},{"start":{"line":339,"column":20},"end":{"line":339,"column":33}}],"line":339},"59":{"loc":{"start":{"line":343,"column":6},"end":{"line":345,"column":7}},"type":"if","locations":[{"start":{"line":343,"column":6},"end":{"line":345,"column":7}},{"start":{},"end":{}}],"line":343},"60":{"loc":{"start":{"line":343,"column":10},"end":{"line":343,"column":39}},"type":"binary-expr","locations":[{"start":{"line":343,"column":10},"end":{"line":343,"column":19}},{"start":{"line":343,"column":23},"end":{"line":343,"column":39}}],"line":343},"61":{"loc":{"start":{"line":347,"column":6},"end":{"line":349,"column":7}},"type":"if","locations":[{"start":{"line":347,"column":6},"end":{"line":349,"column":7}},{"start":{},"end":{}}],"line":347},"62":{"loc":{"start":{"line":351,"column":6},"end":{"line":353,"column":7}},"type":"if","locations":[{"start":{"line":351,"column":6},"end":{"line":353,"column":7}},{"start":{},"end":{}}],"line":351},"63":{"loc":{"start":{"line":367,"column":19},"end":{"line":371,"column":13}},"type":"binary-expr","locations":[{"start":{"line":367,"column":19},"end":{"line":367,"column":33}},{"start":{"line":368,"column":14},"end":{"line":368,"column":47}},{"start":{"line":369,"column":14},"end":{"line":369,"column":47}},{"start":{"line":370,"column":14},"end":{"line":370,"column":50}}],"line":367},"64":{"loc":{"start":{"line":376,"column":6},"end":{"line":423,"column":7}},"type":"if","locations":[{"start":{"line":376,"column":6},"end":{"line":423,"column":7}},{"start":{},"end":{}}],"line":376},"65":{"loc":{"start":{"line":384,"column":8},"end":{"line":420,"column":9}},"type":"if","locations":[{"start":{"line":384,"column":8},"end":{"line":420,"column":9}},{"start":{"line":392,"column":15},"end":{"line":420,"column":9}}],"line":384},"66":{"loc":{"start":{"line":392,"column":15},"end":{"line":420,"column":9}},"type":"if","locations":[{"start":{"line":392,"column":15},"end":{"line":420,"column":9}},{"start":{"line":399,"column":15},"end":{"line":420,"column":9}}],"line":392},"67":{"loc":{"start":{"line":399,"column":15},"end":{"line":420,"column":9}},"type":"if","locations":[{"start":{"line":399,"column":15},"end":{"line":420,"column":9}},{"start":{"line":406,"column":15},"end":{"line":420,"column":9}}],"line":399},"68":{"loc":{"start":{"line":406,"column":15},"end":{"line":420,"column":9}},"type":"if","locations":[{"start":{"line":406,"column":15},"end":{"line":420,"column":9}},{"start":{"line":413,"column":15},"end":{"line":420,"column":9}}],"line":406},"69":{"loc":{"start":{"line":413,"column":15},"end":{"line":420,"column":9}},"type":"if","locations":[{"start":{"line":413,"column":15},"end":{"line":420,"column":9}},{"start":{},"end":{}}],"line":413},"70":{"loc":{"start":{"line":413,"column":19},"end":{"line":413,"column":97}},"type":"binary-expr","locations":[{"start":{"line":413,"column":19},"end":{"line":413,"column":59}},{"start":{"line":413,"column":63},"end":{"line":413,"column":97}}],"line":413},"71":{"loc":{"start":{"line":431,"column":20},"end":{"line":431,"column":48}},"type":"cond-expr","locations":[{"start":{"line":431,"column":36},"end":{"line":431,"column":41}},{"start":{"line":431,"column":44},"end":{"line":431,"column":48}}],"line":431},"72":{"loc":{"start":{"line":432,"column":24},"end":{"line":432,"column":52}},"type":"cond-expr","locations":[{"start":{"line":432,"column":40},"end":{"line":432,"column":45}},{"start":{"line":432,"column":48},"end":{"line":432,"column":52}}],"line":432},"73":{"loc":{"start":{"line":435,"column":21},"end":{"line":435,"column":33}},"type":"binary-expr","locations":[{"start":{"line":435,"column":21},"end":{"line":435,"column":25}},{"start":{"line":435,"column":29},"end":{"line":435,"column":33}}],"line":435},"74":{"loc":{"start":{"line":438,"column":45},"end":{"line":438,"column":108}},"type":"binary-expr","locations":[{"start":{"line":438,"column":45},"end":{"line":438,"column":59}},{"start":{"line":438,"column":63},"end":{"line":438,"column":108}}],"line":438},"75":{"loc":{"start":{"line":467,"column":19},"end":{"line":471,"column":13}},"type":"binary-expr","locations":[{"start":{"line":467,"column":19},"end":{"line":467,"column":33}},{"start":{"line":468,"column":14},"end":{"line":468,"column":47}},{"start":{"line":469,"column":14},"end":{"line":469,"column":47}},{"start":{"line":470,"column":14},"end":{"line":470,"column":50}}],"line":467},"76":{"loc":{"start":{"line":476,"column":6},"end":{"line":479,"column":7}},"type":"if","locations":[{"start":{"line":476,"column":6},"end":{"line":479,"column":7}},{"start":{},"end":{}}],"line":476},"77":{"loc":{"start":{"line":498,"column":19},"end":{"line":502,"column":13}},"type":"binary-expr","locations":[{"start":{"line":498,"column":19},"end":{"line":498,"column":33}},{"start":{"line":499,"column":14},"end":{"line":499,"column":47}},{"start":{"line":500,"column":14},"end":{"line":500,"column":47}},{"start":{"line":501,"column":14},"end":{"line":501,"column":50}}],"line":498},"78":{"loc":{"start":{"line":518,"column":16},"end":{"line":518,"column":43}},"type":"binary-expr","locations":[{"start":{"line":518,"column":16},"end":{"line":518,"column":33}},{"start":{"line":518,"column":37},"end":{"line":518,"column":43}}],"line":518},"79":{"loc":{"start":{"line":519,"column":24},"end":{"line":519,"column":72}},"type":"cond-expr","locations":[{"start":{"line":519,"column":60},"end":{"line":519,"column":65}},{"start":{"line":519,"column":68},"end":{"line":519,"column":72}}],"line":519},"80":{"loc":{"start":{"line":542,"column":24},"end":{"line":542,"column":72}},"type":"binary-expr","locations":[{"start":{"line":542,"column":24},"end":{"line":542,"column":53}},{"start":{"line":542,"column":57},"end":{"line":542,"column":72}}],"line":542},"81":{"loc":{"start":{"line":543,"column":20},"end":{"line":543,"column":90}},"type":"cond-expr","locations":[{"start":{"line":543,"column":71},"end":{"line":543,"column":77}},{"start":{"line":543,"column":80},"end":{"line":543,"column":90}}],"line":543},"82":{"loc":{"start":{"line":543,"column":21},"end":{"line":543,"column":67}},"type":"binary-expr","locations":[{"start":{"line":543,"column":21},"end":{"line":543,"column":50}},{"start":{"line":543,"column":54},"end":{"line":543,"column":67}}],"line":543},"83":{"loc":{"start":{"line":549,"column":20},"end":{"line":549,"column":94}},"type":"binary-expr","locations":[{"start":{"line":549,"column":20},"end":{"line":549,"column":56}},{"start":{"line":549,"column":60},"end":{"line":549,"column":94}}],"line":549},"84":{"loc":{"start":{"line":553,"column":24},"end":{"line":553,"column":55}},"type":"binary-expr","locations":[{"start":{"line":553,"column":24},"end":{"line":553,"column":45}},{"start":{"line":553,"column":49},"end":{"line":553,"column":55}}],"line":553},"85":{"loc":{"start":{"line":554,"column":18},"end":{"line":554,"column":58}},"type":"binary-expr","locations":[{"start":{"line":554,"column":18},"end":{"line":554,"column":48}},{"start":{"line":554,"column":52},"end":{"line":554,"column":58}}],"line":554},"86":{"loc":{"start":{"line":558,"column":17},"end":{"line":558,"column":52}},"type":"binary-expr","locations":[{"start":{"line":558,"column":17},"end":{"line":558,"column":42}},{"start":{"line":558,"column":46},"end":{"line":558,"column":52}}],"line":558},"87":{"loc":{"start":{"line":561,"column":29},"end":{"line":561,"column":81}},"type":"binary-expr","locations":[{"start":{"line":561,"column":29},"end":{"line":561,"column":52}},{"start":{"line":561,"column":56},"end":{"line":561,"column":81}}],"line":561},"88":{"loc":{"start":{"line":605,"column":14},"end":{"line":605,"column":59}},"type":"binary-expr","locations":[{"start":{"line":605,"column":14},"end":{"line":605,"column":31}},{"start":{"line":605,"column":35},"end":{"line":605,"column":59}}],"line":605},"89":{"loc":{"start":{"line":606,"column":14},"end":{"line":606,"column":59}},"type":"binary-expr","locations":[{"start":{"line":606,"column":14},"end":{"line":606,"column":31}},{"start":{"line":606,"column":35},"end":{"line":606,"column":59}}],"line":606},"90":{"loc":{"start":{"line":647,"column":6},"end":{"line":654,"column":7}},"type":"if","locations":[{"start":{"line":647,"column":6},"end":{"line":654,"column":7}},{"start":{},"end":{}}],"line":647},"91":{"loc":{"start":{"line":651,"column":8},"end":{"line":653,"column":9}},"type":"if","locations":[{"start":{"line":651,"column":8},"end":{"line":653,"column":9}},{"start":{},"end":{}}],"line":651},"92":{"loc":{"start":{"line":651,"column":12},"end":{"line":651,"column":119}},"type":"binary-expr","locations":[{"start":{"line":651,"column":12},"end":{"line":651,"column":42}},{"start":{"line":651,"column":46},"end":{"line":651,"column":90}},{"start":{"line":651,"column":94},"end":{"line":651,"column":119}}],"line":651},"93":{"loc":{"start":{"line":659,"column":45},"end":{"line":659,"column":88}},"type":"binary-expr","locations":[{"start":{"line":659,"column":45},"end":{"line":659,"column":59}},{"start":{"line":659,"column":63},"end":{"line":659,"column":88}}],"line":659},"94":{"loc":{"start":{"line":681,"column":6},"end":{"line":688,"column":7}},"type":"if","locations":[{"start":{"line":681,"column":6},"end":{"line":688,"column":7}},{"start":{},"end":{}}],"line":681},"95":{"loc":{"start":{"line":685,"column":8},"end":{"line":687,"column":9}},"type":"if","locations":[{"start":{"line":685,"column":8},"end":{"line":687,"column":9}},{"start":{},"end":{}}],"line":685},"96":{"loc":{"start":{"line":685,"column":12},"end":{"line":685,"column":119}},"type":"binary-expr","locations":[{"start":{"line":685,"column":12},"end":{"line":685,"column":42}},{"start":{"line":685,"column":46},"end":{"line":685,"column":90}},{"start":{"line":685,"column":94},"end":{"line":685,"column":119}}],"line":685},"97":{"loc":{"start":{"line":690,"column":30},"end":{"line":690,"column":76}},"type":"cond-expr","locations":[{"start":{"line":690,"column":37},"end":{"line":690,"column":69}},{"start":{"line":690,"column":72},"end":{"line":690,"column":76}}],"line":690},"98":{"loc":{"start":{"line":694,"column":45},"end":{"line":694,"column":87}},"type":"binary-expr","locations":[{"start":{"line":694,"column":45},"end":{"line":694,"column":59}},{"start":{"line":694,"column":63},"end":{"line":694,"column":87}}],"line":694},"99":{"loc":{"start":{"line":720,"column":6},"end":{"line":727,"column":7}},"type":"if","locations":[{"start":{"line":720,"column":6},"end":{"line":727,"column":7}},{"start":{},"end":{}}],"line":720},"100":{"loc":{"start":{"line":724,"column":8},"end":{"line":726,"column":9}},"type":"if","locations":[{"start":{"line":724,"column":8},"end":{"line":726,"column":9}},{"start":{},"end":{}}],"line":724},"101":{"loc":{"start":{"line":724,"column":12},"end":{"line":724,"column":119}},"type":"binary-expr","locations":[{"start":{"line":724,"column":12},"end":{"line":724,"column":42}},{"start":{"line":724,"column":46},"end":{"line":724,"column":90}},{"start":{"line":724,"column":94},"end":{"line":724,"column":119}}],"line":724},"102":{"loc":{"start":{"line":732,"column":45},"end":{"line":732,"column":88}},"type":"binary-expr","locations":[{"start":{"line":732,"column":45},"end":{"line":732,"column":59}},{"start":{"line":732,"column":63},"end":{"line":732,"column":88}}],"line":732},"103":{"loc":{"start":{"line":754,"column":6},"end":{"line":761,"column":7}},"type":"if","locations":[{"start":{"line":754,"column":6},"end":{"line":761,"column":7}},{"start":{},"end":{}}],"line":754},"104":{"loc":{"start":{"line":758,"column":8},"end":{"line":760,"column":9}},"type":"if","locations":[{"start":{"line":758,"column":8},"end":{"line":760,"column":9}},{"start":{},"end":{}}],"line":758},"105":{"loc":{"start":{"line":758,"column":12},"end":{"line":758,"column":119}},"type":"binary-expr","locations":[{"start":{"line":758,"column":12},"end":{"line":758,"column":42}},{"start":{"line":758,"column":46},"end":{"line":758,"column":90}},{"start":{"line":758,"column":94},"end":{"line":758,"column":119}}],"line":758},"106":{"loc":{"start":{"line":763,"column":30},"end":{"line":763,"column":76}},"type":"cond-expr","locations":[{"start":{"line":763,"column":37},"end":{"line":763,"column":69}},{"start":{"line":763,"column":72},"end":{"line":763,"column":76}}],"line":763},"107":{"loc":{"start":{"line":767,"column":45},"end":{"line":767,"column":87}},"type":"binary-expr","locations":[{"start":{"line":767,"column":45},"end":{"line":767,"column":59}},{"start":{"line":767,"column":63},"end":{"line":767,"column":87}}],"line":767}},"s":{"0":0,"1":0,"2":0,"3":0,"4":0,"5":0,"6":0,"7":0,"8":0,"9":0,"10":0,"11":0,"12":0,"13":0,"14":0,"15":0,"16":0,"17":0,"18":0,"19":0,"20":0,"21":0,"22":0,"23":0,"24":0,"25":0,"26":0,"27":0,"28":0,"29":0,"30":0,"31":0,"32":0,"33":0,"34":0,"35":0,"36":0,"37":0,"38":0,"39":0,"40":0,"41":0,"42":0,"43":0,"44":0,"45":0,"46":0,"47":0,"48":0,"49":0,"50":0,"51":0,"52":0,"53":0,"54":0,"55":0,"56":0,"57":0,"58":0,"59":0,"60":0,"61":0,"62":0,"63":0,"64":0,"65":0,"66":0,"67":0,"68":0,"69":0,"70":0,"71":0,"72":0,"73":0,"74":0,"75":0,"76":0,"77":0,"78":0,"79":0,"80":0,"81":0,"82":0,"83":0,"84":0,"85":0,"86":0,"87":0,"88":0,"89":0,"90":0,"91":0,"92":0,"93":0,"94":0,"95":0,"96":0,"97":0,"98":0,"99":0,"100":0,"101":0,"102":0,"103":0,"104":0,"105":0,"106":0,"107":0,"108":0,"109":0,"110":0,"111":0,"112":0,"113":0,"114":0,"115":0,"116":0,"117":0,"118":0,"119":0,"120":0,"121":0,"122":0,"123":0,"124":0,"125":0,"126":0,"127":0,"128":0,"129":0,"130":0,"131":0,"132":0,"133":0,"134":0,"135":0,"136":0,"137":0,"138":0,"139":0,"140":0,"141":0,"142":0,"143":0,"144":0,"145":0,"146":0,"147":0,"148":0,"149":0,"150":0,"151":0,"152":0,"153":0,"154":0,"155":0,"156":0,"157":0,"158":0,"159":0,"160":0,"161":0,"162":0,"163":0,"164":0,"165":0,"166":0,"167":0,"168":0,"169":0,"170":0,"171":0,"172":0,"173":0,"174":0,"175":0,"176":0,"177":0,"178":0,"179":0,"180":0,"181":0,"182":0,"183":0,"184":0,"185":0,"186":0,"187":0,"188":0,"189":0,"190":0,"191":0,"192":0,"193":0,"194":0,"195":0,"196":0,"197":0,"198":0,"199":0,"200":0,"201":0,"202":0,"203":0,"204":0,"205":0,"206":0,"207":0,"208":0,"209":0,"210":0,"211":0,"212":0,"213":0,"214":0,"215":0,"216":0,"217":0,"218":0,"219":0,"220":0,"221":0,"222":0,"223":0,"224":0,"225":0,"226":0,"227":0,"228":0,"229":0,"230":0,"231":0,"232":0,"233":0,"234":0,"235":0,"236":0,"237":0,"238":0,"239":0},"f":{"0":0,"1":0,"2":0,"3":0,"4":0,"5":0,"6":0,"7":0,"8":0,"9":0,"10":0,"11":0,"12":0,"13":0,"14":0,"15":0,"16":0,"17":0,"18":0,"19":0,"20":0,"21":0,"22":0,"23":0,"24":0,"25":0,"26":0,"27":0,"28":0,"29":0,"30":0,"31":0,"32":0,"33":0,"34":0,"35":0,"36":0,"37":0,"38":0,"39":0,"40":0,"41":0},"b":{"0":[0,0],"1":[0,0],"2":[0,0],"3":[0,0],"4":[0,0],"5":[0,0],"6":[0,0],"7":[0,0],"8":[0,0],"9":[0,0],"10":[0,0,0],"11":[0,0],"12":[0,0],"13":[0,0],"14":[0,0],"15":[0,0],"16":[0,0],"17":[0,0],"18":[0,0],"19":[0,0],"20":[0,0],"21":[0,0],"22":[0,0],"23":[0,0],"24":[0,0],"25":[0],"26":[0,0],"27":[0,0,0],"28":[0,0],"29":[0,0],"30":[0,0],"31":[0,0],"32":[0,0],"33":[0,0],"34":[0,0],"35":[0,0,0],"36":[0,0],"37":[0,0],"38":[0,0],"39":[0,0],"40":[0,0],"41":[0,0],"42":[0,0],"43":[0,0,0,0],"44":[0,0],"45":[0,0],"46":[0,0],"47":[0,0],"48":[0,0],"49":[0,0],"50":[0,0],"51":[0,0],"52":[0,0],"53":[0,0],"54":[0,0],"55":[0,0],"56":[0,0],"57":[0,0],"58":[0,0],"59":[0,0],"60":[0,0],"61":[0,0],"62":[0,0],"63":[0,0,0,0],"64":[0,0],"65":[0,0],"66":[0,0],"67":[0,0],"68":[0,0],"69":[0,0],"70":[0,0],"71":[0,0],"72":[0,0],"73":[0,0],"74":[0,0],"75":[0,0,0,0],"76":[0,0],"77":[0,0,0,0],"78":[0,0],"79":[0,0],"80":[0,0],"81":[0,0],"82":[0,0],"83":[0,0],"84":[0,0],"85":[0,0],"86":[0,0],"87":[0,0],"88":[0,0],"89":[0,0],"90":[0,0],"91":[0,0],"92":[0,0,0],"93":[0,0],"94":[0,0],"95":[0,0],"96":[0,0,0],"97":[0,0],"98":[0,0],"99":[0,0],"100":[0,0],"101":[0,0,0],"102":[0,0],"103":[0,0],"104":[0,0],"105":[0,0,0],"106":[0,0],"107":[0,0]}}
,"C:\\Users\\shahid85\\Documents\\projects\\muhammadanway-tasbeeh-app-02\\src\\utils\\theme.ts": {"path":"C:\\Users\\shahid85\\Documents\\projects\\muhammadanway-tasbeeh-app-02\\src\\utils\\theme.ts","statementMap":{"0":{"start":{"line":5,"column":22},"end":{"line":5,"column":38}},"1":{"start":{"line":6,"column":23},"end":{"line":6,"column":35}},"2":{"start":{"line":9,"column":25},"end":{"line":11,"column":20}},"3":{"start":{"line":13,"column":17},"end":{"line":13,"column":42}},"4":{"start":{"line":15,"column":2},"end":{"line":20,"column":4}}},"fnMap":{"0":{"name":"useAppTheme","decl":{"start":{"line":4,"column":16},"end":{"line":4,"column":27}},"loc":{"start":{"line":4,"column":30},"end":{"line":21,"column":1}},"line":4}},"branchMap":{"0":{"loc":{"start":{"line":9,"column":25},"end":{"line":11,"column":20}},"type":"cond-expr","locations":[{"start":{"line":10,"column":6},"end":{"line":10,"column":28}},{"start":{"line":11,"column":6},"end":{"line":11,"column":20}}],"line":9},"1":{"loc":{"start":{"line":10,"column":6},"end":{"line":10,"column":28}},"type":"binary-expr","locations":[{"start":{"line":10,"column":6},"end":{"line":10,"column":17}},{"start":{"line":10,"column":21},"end":{"line":10,"column":28}}],"line":10}},"s":{"0":0,"1":0,"2":0,"3":0,"4":0},"f":{"0":0},"b":{"0":[0,0],"1":[0,0]}}
}
