TN:
SF:src\components\AccessibilityTestScreen.tsx
FN:33,AccessibilityTestScreen
FN:43,(anonymous_1)
FN:54,(anonymous_2)
FN:163,(anonymous_3)
FN:172,(anonymous_4)
FN:205,(anonymous_5)
FN:233,(anonymous_6)
FN:253,(anonymous_7)
FN:262,(anonymous_8)
FN:319,(anonymous_9)
FN:323,(anonymous_10)
FNF:11
FNH:0
FNDA:0,AccessibilityTestScreen
FNDA:0,(anonymous_1)
FNDA:0,(anonymous_2)
FNDA:0,(anonymous_3)
FNDA:0,(anonymous_4)
FNDA:0,(anonymous_5)
FNDA:0,(anonymous_6)
FNDA:0,(anonymous_7)
FNDA:0,(anonymous_8)
FNDA:0,(anonymous_9)
FNDA:0,(anonymous_10)
DA:34,0
DA:35,0
DA:36,0
DA:37,0
DA:39,0
DA:40,0
DA:41,0
DA:43,0
DA:44,0
DA:45,0
DA:48,0
DA:49,0
DA:50,0
DA:54,0
DA:55,0
DA:72,0
DA:163,0
DA:173,0
DA:174,0
DA:206,0
DA:207,0
DA:234,0
DA:235,0
DA:253,0
DA:263,0
DA:264,0
DA:320,0
DA:324,0
DA:325,0
DA:326,0
DA:341,0
LF:31
LH:0
BRDA:40,0,0,0
BRDA:40,0,1,0
BRDA:48,1,0,0
BRDA:48,1,1,0
BRDA:48,2,0,0
BRDA:48,2,1,0
BRDA:173,3,0,0
BRDA:173,3,1,0
BRDA:174,4,0,0
BRDA:174,4,1,0
BRDA:207,5,0,0
BRDA:207,5,1,0
BRDA:210,6,0,0
BRDA:210,6,1,0
BRDA:235,7,0,0
BRDA:235,7,1,0
BRDA:238,8,0,0
BRDA:238,8,1,0
BRDA:266,9,0,0
BRDA:266,9,1,0
BRDA:267,10,0,0
BRDA:267,10,1,0
BRDA:268,11,0,0
BRDA:268,11,1,0
BRF:24
BRH:0
end_of_record
TN:
SF:src\components\ErrorBoundary.tsx
FN:33,(anonymous_0)
FN:43,(anonymous_1)
FN:54,(anonymous_2)
FN:77,(anonymous_3)
FN:86,(anonymous_4)
FN:101,(anonymous_5)
FN:123,(anonymous_6)
FN:189,(anonymous_7)
FN:197,(anonymous_8)
FN:208,(anonymous_9)
FN:216,(anonymous_10)
FNF:11
FNH:0
FNDA:0,(anonymous_0)
FNDA:0,(anonymous_1)
FNDA:0,(anonymous_2)
FNDA:0,(anonymous_3)
FNDA:0,(anonymous_4)
FNDA:0,(anonymous_5)
FNDA:0,(anonymous_6)
FNDA:0,(anonymous_7)
FNDA:0,(anonymous_8)
FNDA:0,(anonymous_9)
FNDA:0,(anonymous_10)
DA:34,0
DA:35,0
DA:45,0
DA:47,0
DA:55,0
DA:58,0
DA:72,0
DA:73,0
DA:77,0
DA:78,0
DA:86,0
DA:87,0
DA:91,0
DA:102,0
DA:104,0
DA:105,0
DA:109,0
DA:119,0
DA:123,0
DA:124,0
DA:126,0
DA:190,0
DA:197,0
DA:209,0
DA:216,0
DA:226,0
LF:26
LH:0
BRDA:72,0,0,0
BRDA:72,0,1,0
BRDA:102,1,0,0
BRDA:102,1,1,0
BRDA:104,2,0,0
BRDA:104,2,1,0
BRDA:127,3,0,0
BRDA:127,3,1,0
BRDA:147,4,0,0
BRDA:147,4,1,0
BRDA:147,4,2,0
BRF:11
BRH:0
end_of_record
TN:
SF:src\components\SkeletonLoader.tsx
FN:17,(anonymous_0)
FN:26,(anonymous_1)
FN:44,(anonymous_2)
FN:88,(anonymous_3)
FN:122,(anonymous_4)
FN:135,(anonymous_5)
FN:145,(anonymous_6)
FN:162,(anonymous_7)
FN:173,(anonymous_8)
FN:177,(anonymous_9)
FNF:10
FNH:0
FNDA:0,(anonymous_0)
FNDA:0,(anonymous_1)
FNDA:0,(anonymous_2)
FNDA:0,(anonymous_3)
FNDA:0,(anonymous_4)
FNDA:0,(anonymous_5)
FNDA:0,(anonymous_6)
FNDA:0,(anonymous_7)
FNDA:0,(anonymous_8)
FNDA:0,(anonymous_9)
DA:17,0
DA:23,0
DA:24,0
DA:26,0
DA:27,0
DA:42,0
DA:44,0
DA:47,0
DA:52,0
DA:88,0
DA:89,0
DA:91,0
DA:122,0
DA:123,0
DA:125,0
DA:136,0
DA:146,0
DA:162,0
DA:163,0
DA:165,0
DA:174,0
DA:178,0
DA:195,0
LF:23
LH:0
BRDA:18,0,0,0
BRDA:19,1,0,0
BRDA:20,2,0,0
BRDA:59,3,0,0
BRDA:59,3,1,0
BRDA:76,4,0,0
BRDA:76,4,1,0
BRDA:92,5,0,0
BRDA:92,5,1,0
BRDA:126,6,0,0
BRDA:126,6,1,0
BRDA:136,7,0,0
BRDA:136,7,1,0
BRDA:146,8,0,0
BRDA:146,8,1,0
BRDA:166,9,0,0
BRDA:166,9,1,0
BRDA:178,10,0,0
BRDA:178,10,1,0
BRF:19
BRH:0
end_of_record
TN:
SF:src\constants\app.ts
FN:230,(anonymous_0)
FN:234,(anonymous_1)
FN:239,(anonymous_2)
FN:244,(anonymous_3)
FN:248,(anonymous_4)
FN:252,(anonymous_5)
FN:257,(anonymous_6)
FNF:7
FNH:0
FNDA:0,(anonymous_0)
FNDA:0,(anonymous_1)
FNDA:0,(anonymous_2)
FNDA:0,(anonymous_3)
FNDA:0,(anonymous_4)
FNDA:0,(anonymous_5)
FNDA:0,(anonymous_6)
DA:6,0
DA:230,0
DA:231,0
DA:234,0
DA:235,0
DA:236,0
DA:239,0
DA:240,0
DA:241,0
DA:244,0
DA:245,0
DA:248,0
DA:249,0
DA:252,0
DA:253,0
DA:257,0
DA:258,0
DA:259,0
DA:261,0
LF:19
LH:0
BRDA:236,0,0,0
BRDA:236,0,1,0
BRDA:241,1,0,0
BRDA:241,1,1,0
BRDA:264,2,0,0
BRDA:264,2,1,0
BRDA:265,3,0,0
BRDA:265,3,1,0
BRDA:266,4,0,0
BRDA:266,4,1,0
BRF:10
BRH:0
end_of_record
TN:
SF:src\contexts\TasbeehContext.tsx
FN:60,(anonymous_0)
FN:92,(anonymous_1)
FN:111,(anonymous_2)
FN:124,(anonymous_3)
FN:143,(anonymous_4)
FN:147,(anonymous_5)
FN:151,(anonymous_6)
FN:158,(anonymous_7)
FN:160,(anonymous_8)
FN:162,(anonymous_9)
FN:171,(anonymous_10)
FN:200,(anonymous_11)
FN:219,(anonymous_12)
FN:234,(anonymous_13)
FN:239,(anonymous_14)
FN:256,(anonymous_15)
FN:257,(anonymous_16)
FN:311,(anonymous_17)
FN:317,(anonymous_18)
FN:339,(anonymous_19)
FN:355,(anonymous_20)
FN:365,(anonymous_21)
FN:371,(anonymous_22)
FN:372,(anonymous_23)
FN:398,(anonymous_24)
FN:448,(anonymous_25)
FN:452,(anonymous_26)
FN:463,(anonymous_27)
FN:464,(anonymous_28)
FN:492,(anonymous_29)
FN:503,(anonymous_30)
FN:547,(anonymous_31)
FN:568,(anonymous_32)
FN:609,(anonymous_33)
FN:624,(anonymous_34)
FN:644,(anonymous_35)
FN:654,(anonymous_36)
FN:657,(anonymous_37)
FN:663,(anonymous_38)
FN:680,(anonymous_39)
FN:684,(anonymous_40)
FN:711,(anonymous_41)
FN:766,(anonymous_42)
FN:797,(anonymous_43)
FN:839,(anonymous_44)
FN:852,(anonymous_45)
FN:853,(anonymous_46)
FN:874,(anonymous_47)
FN:880,(anonymous_48)
FN:885,(anonymous_49)
FN:892,(anonymous_50)
FN:945,useTasbeeh
FNF:52
FNH:0
FNDA:0,(anonymous_0)
FNDA:0,(anonymous_1)
FNDA:0,(anonymous_2)
FNDA:0,(anonymous_3)
FNDA:0,(anonymous_4)
FNDA:0,(anonymous_5)
FNDA:0,(anonymous_6)
FNDA:0,(anonymous_7)
FNDA:0,(anonymous_8)
FNDA:0,(anonymous_9)
FNDA:0,(anonymous_10)
FNDA:0,(anonymous_11)
FNDA:0,(anonymous_12)
FNDA:0,(anonymous_13)
FNDA:0,(anonymous_14)
FNDA:0,(anonymous_15)
FNDA:0,(anonymous_16)
FNDA:0,(anonymous_17)
FNDA:0,(anonymous_18)
FNDA:0,(anonymous_19)
FNDA:0,(anonymous_20)
FNDA:0,(anonymous_21)
FNDA:0,(anonymous_22)
FNDA:0,(anonymous_23)
FNDA:0,(anonymous_24)
FNDA:0,(anonymous_25)
FNDA:0,(anonymous_26)
FNDA:0,(anonymous_27)
FNDA:0,(anonymous_28)
FNDA:0,(anonymous_29)
FNDA:0,(anonymous_30)
FNDA:0,(anonymous_31)
FNDA:0,(anonymous_32)
FNDA:0,(anonymous_33)
FNDA:0,(anonymous_34)
FNDA:0,(anonymous_35)
FNDA:0,(anonymous_36)
FNDA:0,(anonymous_37)
FNDA:0,(anonymous_38)
FNDA:0,(anonymous_39)
FNDA:0,(anonymous_40)
FNDA:0,(anonymous_41)
FNDA:0,(anonymous_42)
FNDA:0,(anonymous_43)
FNDA:0,(anonymous_44)
FNDA:0,(anonymous_45)
FNDA:0,(anonymous_46)
FNDA:0,(anonymous_47)
FNDA:0,(anonymous_48)
FNDA:0,(anonymous_49)
FNDA:0,(anonymous_50)
FNDA:0,useTasbeeh
DA:13,0
DA:21,0
DA:30,0
DA:60,0
DA:61,0
DA:63,0
DA:66,0
DA:69,0
DA:72,0
DA:75,0
DA:78,0
DA:81,0
DA:84,0
DA:87,0
DA:90,0
DA:93,0
DA:103,0
DA:109,0
DA:111,0
DA:116,0
DA:122,0
DA:125,0
DA:135,0
DA:140,0
DA:143,0
DA:144,0
DA:147,0
DA:148,0
DA:151,0
DA:152,0
DA:153,0
DA:158,0
DA:160,0
DA:161,0
DA:162,0
DA:163,0
DA:164,0
DA:171,0
DA:172,0
DA:173,0
DA:175,0
DA:184,0
DA:185,0
DA:186,0
DA:187,0
DA:188,0
DA:189,0
DA:190,0
DA:192,0
DA:193,0
DA:195,0
DA:200,0
DA:201,0
DA:203,0
DA:204,0
DA:213,0
DA:214,0
DA:219,0
DA:220,0
DA:230,0
DA:231,0
DA:234,0
DA:235,0
DA:236,0
DA:239,0
DA:241,0
DA:242,0
DA:243,0
DA:247,0
DA:248,0
DA:251,0
DA:252,0
DA:256,0
DA:257,0
DA:258,0
DA:260,0
DA:261,0
DA:264,0
DA:265,0
DA:269,0
DA:270,0
DA:274,0
DA:277,0
DA:278,0
DA:283,0
DA:288,0
DA:289,0
DA:291,0
DA:294,0
DA:295,0
DA:296,0
DA:298,0
DA:300,0
DA:301,0
DA:302,0
DA:303,0
DA:306,0
DA:310,0
DA:311,0
DA:316,0
DA:317,0
DA:323,0
DA:326,0
DA:333,0
DA:334,0
DA:337,0
DA:338,0
DA:339,0
DA:343,0
DA:344,0
DA:348,0
DA:352,0
DA:355,0
DA:357,0
DA:358,0
DA:361,0
DA:362,0
DA:365,0
DA:366,0
DA:367,0
DA:371,0
DA:372,0
DA:373,0
DA:376,0
DA:377,0
DA:381,0
DA:383,0
DA:394,0
DA:395,0
DA:398,0
DA:399,0
DA:401,0
DA:402,0
DA:404,0
DA:410,0
DA:411,0
DA:414,0
DA:416,0
DA:422,0
DA:429,0
DA:432,0
DA:439,0
DA:440,0
DA:444,0
DA:448,0
DA:449,0
DA:452,0
DA:453,0
DA:454,0
DA:455,0
DA:457,0
DA:458,0
DA:462,0
DA:463,0
DA:464,0
DA:466,0
DA:469,0
DA:470,0
DA:471,0
DA:473,0
DA:474,0
DA:475,0
DA:477,0
DA:478,0
DA:479,0
DA:481,0
DA:482,0
DA:484,0
DA:488,0
DA:492,0
DA:494,0
DA:495,0
DA:498,0
DA:499,0
DA:503,0
DA:504,0
DA:505,0
DA:506,0
DA:508,0
DA:510,0
DA:512,0
DA:513,0
DA:514,0
DA:515,0
DA:516,0
DA:517,0
DA:518,0
DA:521,0
DA:522,0
DA:525,0
DA:526,0
DA:533,0
DA:536,0
DA:537,0
DA:539,0
DA:543,0
DA:546,0
DA:547,0
DA:548,0
DA:552,0
DA:555,0
DA:556,0
DA:560,0
DA:561,0
DA:562,0
DA:564,0
DA:568,0
DA:569,0
DA:570,0
DA:571,0
DA:573,0
DA:574,0
DA:576,0
DA:577,0
DA:578,0
DA:581,0
DA:582,0
DA:590,0
DA:591,0
DA:592,0
DA:596,0
DA:597,0
DA:598,0
DA:599,0
DA:600,0
DA:601,0
DA:602,0
DA:604,0
DA:605,0
DA:608,0
DA:609,0
DA:610,0
DA:613,0
DA:614,0
DA:617,0
DA:618,0
DA:620,0
DA:624,0
DA:625,0
DA:626,0
DA:628,0
DA:629,0
DA:630,0
DA:631,0
DA:634,0
DA:635,0
DA:637,0
DA:638,0
DA:640,0
DA:644,0
DA:645,0
DA:649,0
DA:650,0
DA:654,0
DA:655,0
DA:657,0
DA:663,0
DA:664,0
DA:667,0
DA:676,0
DA:680,0
DA:681,0
DA:682,0
DA:683,0
DA:684,0
DA:687,0
DA:688,0
DA:696,0
DA:702,0
DA:711,0
DA:712,0
DA:713,0
DA:714,0
DA:717,0
DA:718,0
DA:719,0
DA:721,0
DA:727,0
DA:728,0
DA:729,0
DA:730,0
DA:733,0
DA:734,0
DA:735,0
DA:736,0
DA:740,0
DA:741,0
DA:742,0
DA:745,0
DA:746,0
DA:750,0
DA:754,0
DA:756,0
DA:758,0
DA:759,0
DA:761,0
DA:766,0
DA:767,0
DA:768,0
DA:769,0
DA:772,0
DA:773,0
DA:774,0
DA:777,0
DA:779,0
DA:780,0
DA:781,0
DA:782,0
DA:783,0
DA:787,0
DA:788,0
DA:789,0
DA:790,0
DA:791,0
DA:795,0
DA:797,0
DA:801,0
DA:802,0
DA:803,0
DA:806,0
DA:808,0
DA:809,0
DA:811,0
DA:814,0
DA:815,0
DA:816,0
DA:819,0
DA:821,0
DA:822,0
DA:824,0
DA:828,0
DA:831,0
DA:835,0
DA:838,0
DA:839,0
DA:840,0
DA:844,0
DA:845,0
DA:847,0
DA:852,0
DA:853,0
DA:854,0
DA:856,0
DA:858,0
DA:859,0
DA:865,0
DA:867,0
DA:869,0
DA:870,0
DA:874,0
DA:875,0
DA:880,0
DA:881,0
DA:885,0
DA:886,0
DA:887,0
DA:892,0
DA:938,0
DA:946,0
DA:947,0
DA:948,0
DA:950,0
LF:362
LH:0
BRDA:61,0,0,0
BRDA:61,0,1,0
BRDA:61,0,2,0
BRDA:61,0,3,0
BRDA:61,0,4,0
BRDA:61,0,5,0
BRDA:61,0,6,0
BRDA:61,0,7,0
BRDA:61,0,8,0
BRDA:61,0,9,0
BRDA:61,0,10,0
BRDA:61,0,11,0
BRDA:61,0,12,0
BRDA:61,0,13,0
BRDA:61,0,14,0
BRDA:93,1,0,0
BRDA:93,1,1,0
BRDA:97,2,0,0
BRDA:97,2,1,0
BRDA:112,3,0,0
BRDA:112,3,1,0
BRDA:112,4,0,0
BRDA:112,4,1,0
BRDA:125,5,0,0
BRDA:125,5,1,0
BRDA:129,6,0,0
BRDA:129,6,1,0
BRDA:152,7,0,0
BRDA:152,7,1,0
BRDA:163,8,0,0
BRDA:163,8,1,0
BRDA:184,9,0,0
BRDA:184,9,1,0
BRDA:186,10,0,0
BRDA:186,10,1,0
BRDA:189,11,0,0
BRDA:189,11,1,0
BRDA:189,11,2,0
BRDA:201,12,0,0
BRDA:201,12,1,0
BRDA:225,13,0,0
BRDA:225,13,1,0
BRDA:241,14,0,0
BRDA:241,14,1,0
BRDA:247,15,0,0
BRDA:247,15,1,0
BRDA:258,16,0,0
BRDA:258,16,1,0
BRDA:264,17,0,0
BRDA:264,17,1,0
BRDA:264,18,0,0
BRDA:264,18,1,0
BRDA:269,19,0,0
BRDA:269,19,1,0
BRDA:269,20,0,0
BRDA:269,20,1,0
BRDA:277,21,0,0
BRDA:277,21,1,0
BRDA:277,22,0,0
BRDA:277,22,1,0
BRDA:288,23,0,0
BRDA:288,23,1,0
BRDA:288,24,0,0
BRDA:288,24,1,0
BRDA:298,25,0,0
BRDA:298,25,1,0
BRDA:298,26,0,0
BRDA:298,26,1,0
BRDA:301,27,0,0
BRDA:301,27,1,0
BRDA:301,28,0,0
BRDA:301,28,1,0
BRDA:311,29,0,0
BRDA:311,29,1,0
BRDA:317,30,0,0
BRDA:317,30,1,0
BRDA:337,31,0,0
BRDA:337,31,1,0
BRDA:357,32,0,0
BRDA:357,32,1,0
BRDA:373,33,0,0
BRDA:373,33,1,0
BRDA:376,34,0,0
BRDA:376,34,1,0
BRDA:376,35,0,0
BRDA:376,35,1,0
BRDA:381,36,0,0
BRDA:381,36,1,0
BRDA:399,37,0,0
BRDA:399,37,1,0
BRDA:414,38,0,0
BRDA:414,38,1,0
BRDA:449,39,0,0
BRDA:449,39,1,0
BRDA:454,40,0,0
BRDA:454,40,1,0
BRDA:466,41,0,0
BRDA:466,41,1,0
BRDA:481,42,0,0
BRDA:481,42,1,0
BRDA:494,43,0,0
BRDA:494,43,1,0
BRDA:495,44,0,0
BRDA:495,44,1,0
BRDA:510,45,0,0
BRDA:510,45,1,0
BRDA:513,46,0,0
BRDA:513,46,1,0
BRDA:515,47,0,0
BRDA:515,47,1,0
BRDA:517,48,0,0
BRDA:517,48,1,0
BRDA:525,49,0,0
BRDA:525,49,1,0
BRDA:528,50,0,0
BRDA:528,50,1,0
BRDA:555,51,0,0
BRDA:555,51,1,0
BRDA:555,52,0,0
BRDA:555,52,1,0
BRDA:576,53,0,0
BRDA:576,53,1,0
BRDA:581,54,0,0
BRDA:581,54,1,0
BRDA:584,55,0,0
BRDA:584,55,1,0
BRDA:590,56,0,0
BRDA:590,56,1,0
BRDA:590,57,0,0
BRDA:590,57,1,0
BRDA:597,58,0,0
BRDA:597,58,1,0
BRDA:600,59,0,0
BRDA:600,59,1,0
BRDA:629,60,0,0
BRDA:629,60,1,0
BRDA:687,61,0,0
BRDA:687,61,1,0
BRDA:712,62,0,0
BRDA:712,62,1,0
BRDA:712,63,0,0
BRDA:712,63,1,0
BRDA:727,64,0,0
BRDA:727,64,1,0
BRDA:733,65,0,0
BRDA:733,65,1,0
BRDA:740,66,0,0
BRDA:740,66,1,0
BRDA:740,67,0,0
BRDA:740,67,1,0
BRDA:745,68,0,0
BRDA:745,68,1,0
BRDA:745,69,0,0
BRDA:745,69,1,0
BRDA:767,70,0,0
BRDA:767,70,1,0
BRDA:767,71,0,0
BRDA:767,71,1,0
BRDA:779,72,0,0
BRDA:779,72,1,0
BRDA:779,73,0,0
BRDA:779,73,1,0
BRDA:787,74,0,0
BRDA:787,74,1,0
BRDA:801,75,0,0
BRDA:801,75,1,0
BRDA:803,76,0,0
BRDA:803,76,1,0
BRDA:808,77,0,0
BRDA:808,77,1,0
BRDA:814,78,0,0
BRDA:814,78,1,0
BRDA:816,79,0,0
BRDA:816,79,1,0
BRDA:821,80,0,0
BRDA:821,80,1,0
BRDA:856,81,0,0
BRDA:856,81,1,0
BRDA:856,82,0,0
BRDA:856,82,1,0
BRDA:858,83,0,0
BRDA:858,83,1,0
BRDA:858,84,0,0
BRDA:858,84,1,0
BRDA:861,85,0,0
BRDA:861,85,1,0
BRDA:867,86,0,0
BRDA:867,86,1,0
BRDA:886,87,0,0
BRDA:886,87,1,0
BRDA:947,88,0,0
BRDA:947,88,1,0
BRF:192
BRH:0
end_of_record
TN:
SF:src\utils\accessibility.ts
FN:48,(anonymous_0)
FN:55,(anonymous_1)
FN:62,(anonymous_2)
FN:95,(anonymous_3)
FN:102,(anonymous_4)
FN:104,(anonymous_5)
FN:110,(anonymous_6)
FN:133,(anonymous_7)
FN:148,(anonymous_8)
FN:168,(anonymous_9)
FN:183,(anonymous_10)
FN:198,(anonymous_11)
FN:211,(anonymous_12)
FN:224,(anonymous_13)
FN:234,(anonymous_14)
FN:245,(anonymous_15)
FN:254,(anonymous_16)
FN:263,(anonymous_17)
FN:270,(anonymous_18)
FN:304,(anonymous_19)
FN:331,(anonymous_20)
FN:337,(anonymous_21)
FN:343,(anonymous_22)
FN:349,(anonymous_23)
FN:355,(anonymous_24)
FN:361,(anonymous_25)
FN:362,(anonymous_26)
FN:368,(anonymous_27)
FN:387,(anonymous_28)
FN:390,(anonymous_29)
FN:393,(anonymous_30)
FN:396,(anonymous_31)
FN:399,(anonymous_32)
FN:402,(anonymous_33)
FN:405,(anonymous_34)
FN:408,(anonymous_35)
FN:411,(anonymous_36)
FNF:37
FNH:0
FNDA:0,(anonymous_0)
FNDA:0,(anonymous_1)
FNDA:0,(anonymous_2)
FNDA:0,(anonymous_3)
FNDA:0,(anonymous_4)
FNDA:0,(anonymous_5)
FNDA:0,(anonymous_6)
FNDA:0,(anonymous_7)
FNDA:0,(anonymous_8)
FNDA:0,(anonymous_9)
FNDA:0,(anonymous_10)
FNDA:0,(anonymous_11)
FNDA:0,(anonymous_12)
FNDA:0,(anonymous_13)
FNDA:0,(anonymous_14)
FNDA:0,(anonymous_15)
FNDA:0,(anonymous_16)
FNDA:0,(anonymous_17)
FNDA:0,(anonymous_18)
FNDA:0,(anonymous_19)
FNDA:0,(anonymous_20)
FNDA:0,(anonymous_21)
FNDA:0,(anonymous_22)
FNDA:0,(anonymous_23)
FNDA:0,(anonymous_24)
FNDA:0,(anonymous_25)
FNDA:0,(anonymous_26)
FNDA:0,(anonymous_27)
FNDA:0,(anonymous_28)
FNDA:0,(anonymous_29)
FNDA:0,(anonymous_30)
FNDA:0,(anonymous_31)
FNDA:0,(anonymous_32)
FNDA:0,(anonymous_33)
FNDA:0,(anonymous_34)
FNDA:0,(anonymous_35)
FNDA:0,(anonymous_36)
DA:38,0
DA:46,0
DA:49,0
DA:50,0
DA:52,0
DA:56,0
DA:63,0
DA:65,0
DA:66,0
DA:67,0
DA:68,0
DA:70,0
DA:71,0
DA:72,0
DA:76,0
DA:77,0
DA:78,0
DA:80,0
DA:81,0
DA:82,0
DA:86,0
DA:88,0
DA:96,0
DA:103,0
DA:104,0
DA:111,0
DA:112,0
DA:114,0
DA:134,0
DA:149,0
DA:151,0
DA:169,0
DA:184,0
DA:199,0
DA:212,0
DA:214,0
DA:225,0
DA:226,0
DA:228,0
DA:235,0
DA:246,0
DA:247,0
DA:255,0
DA:256,0
DA:264,0
DA:278,0
DA:280,0
DA:281,0
DA:291,0
DA:305,0
DA:313,0
DA:316,0
DA:317,0
DA:318,0
DA:319,0
DA:320,0
DA:321,0
DA:322,0
DA:323,0
DA:324,0
DA:327,0
DA:331,0
DA:332,0
DA:333,0
DA:334,0
DA:337,0
DA:338,0
DA:339,0
DA:340,0
DA:343,0
DA:344,0
DA:345,0
DA:346,0
DA:349,0
DA:350,0
DA:351,0
DA:352,0
DA:355,0
DA:356,0
DA:357,0
DA:358,0
DA:362,0
DA:369,0
DA:370,0
DA:371,0
DA:372,0
DA:374,0
DA:375,0
DA:376,0
DA:379,0
DA:384,0
DA:387,0
DA:388,0
DA:390,0
DA:391,0
DA:393,0
DA:394,0
DA:396,0
DA:397,0
DA:399,0
DA:400,0
DA:402,0
DA:403,0
DA:405,0
DA:406,0
DA:408,0
DA:409,0
DA:411,0
DA:412,0
LF:109
LH:0
BRDA:49,0,0,0
BRDA:49,0,1,0
BRDA:65,1,0,0
BRDA:65,1,1,0
BRDA:65,2,0,0
BRDA:65,2,1,0
BRDA:70,3,0,0
BRDA:70,3,1,0
BRDA:80,4,0,0
BRDA:80,4,1,0
BRDA:111,5,0,0
BRDA:111,5,1,0
BRDA:112,6,0,0
BRDA:112,6,1,0
BRDA:118,7,0,0
BRDA:118,7,1,0
BRDA:121,8,0,0
BRDA:121,8,1,0
BRDA:140,9,0,0
BRDA:140,9,1,0
BRDA:188,10,0,0
BRDA:188,10,1,0
BRDA:212,11,0,0
BRDA:212,11,1,0
BRDA:225,12,0,0
BRDA:225,12,1,0
BRDA:236,13,0,0
BRDA:236,13,1,0
BRDA:246,14,0,0
BRDA:246,14,1,0
BRDA:255,15,0,0
BRDA:255,15,1,0
BRDA:264,16,0,0
BRDA:264,16,1,0
BRDA:280,17,0,0
BRDA:280,17,1,0
BRDA:282,18,0,0
BRDA:282,18,1,0
BRDA:283,19,0,0
BRDA:283,19,1,0
BRDA:284,20,0,0
BRDA:284,20,1,0
BRDA:285,21,0,0
BRDA:285,21,1,0
BRDA:286,22,0,0
BRDA:286,22,1,0
BRDA:292,23,0,0
BRDA:292,23,1,0
BRDA:293,24,0,0
BRDA:293,24,1,0
BRDA:294,25,0,0
BRDA:294,25,1,0
BRDA:295,26,0,0
BRDA:295,26,1,0
BRDA:296,27,0,0
BRDA:296,27,1,0
BRDA:304,28,0,0
BRDA:316,29,0,0
BRDA:316,29,1,0
BRDA:318,30,0,0
BRDA:318,30,1,0
BRDA:320,31,0,0
BRDA:320,31,1,0
BRDA:322,32,0,0
BRDA:322,32,1,0
BRDA:369,33,0,0
BRDA:369,33,1,0
BRDA:369,34,0,0
BRDA:369,34,1,0
BRDA:374,35,0,0
BRDA:374,35,1,0
BRF:71
BRH:0
end_of_record
TN:
SF:src\utils\achievements.ts
FN:67,(anonymous_0)
FN:72,(anonymous_1)
FN:161,(anonymous_2)
FN:170,(anonymous_3)
FN:179,(anonymous_4)
FN:188,(anonymous_5)
FN:197,(anonymous_6)
FN:206,(anonymous_7)
FN:215,(anonymous_8)
FN:321,(anonymous_9)
FN:332,(anonymous_10)
FN:357,(anonymous_11)
FN:377,(anonymous_12)
FN:380,(anonymous_13)
FN:426,(anonymous_14)
FN:461,(anonymous_15)
FN:470,(anonymous_16)
FN:482,(anonymous_17)
FN:493,(anonymous_18)
FN:504,(anonymous_19)
FN:516,(anonymous_20)
FN:539,(anonymous_21)
FN:558,(anonymous_22)
FN:570,(anonymous_23)
FN:610,(anonymous_24)
FN:614,(anonymous_25)
FN:622,(anonymous_26)
FN:623,(anonymous_27)
FN:670,(anonymous_28)
FN:684,(anonymous_29)
FN:687,(anonymous_30)
FN:690,(anonymous_31)
FN:695,(anonymous_32)
FN:696,(anonymous_33)
FN:697,(anonymous_34)
FN:701,(anonymous_35)
FNF:36
FNH:11
FNDA:1044,(anonymous_0)
FNDA:0,(anonymous_1)
FNDA:2,(anonymous_2)
FNDA:3,(anonymous_3)
FNDA:4,(anonymous_4)
FNDA:5,(anonymous_5)
FNDA:6,(anonymous_6)
FNDA:7,(anonymous_7)
FNDA:8,(anonymous_8)
FNDA:1,(anonymous_9)
FNDA:1028,(anonymous_10)
FNDA:0,(anonymous_11)
FNDA:0,(anonymous_12)
FNDA:0,(anonymous_13)
FNDA:0,(anonymous_14)
FNDA:0,(anonymous_15)
FNDA:0,(anonymous_16)
FNDA:0,(anonymous_17)
FNDA:0,(anonymous_18)
FNDA:0,(anonymous_19)
FNDA:0,(anonymous_20)
FNDA:1044,(anonymous_21)
FNDA:0,(anonymous_22)
FNDA:0,(anonymous_23)
FNDA:0,(anonymous_24)
FNDA:0,(anonymous_25)
FNDA:0,(anonymous_26)
FNDA:0,(anonymous_27)
FNDA:0,(anonymous_28)
FNDA:0,(anonymous_29)
FNDA:0,(anonymous_30)
FNDA:0,(anonymous_31)
FNDA:0,(anonymous_32)
FNDA:0,(anonymous_33)
FNDA:0,(anonymous_34)
FNDA:0,(anonymous_35)
DA:62,1
DA:67,1
DA:68,1044
DA:72,1
DA:73,0
DA:77,1
DA:152,1
DA:161,2
DA:170,3
DA:179,4
DA:188,5
DA:197,6
DA:206,7
DA:215,8
DA:305,1
DA:306,1
DA:309,1
DA:315,1
DA:318,1
DA:319,1
DA:322,1
DA:323,1
DA:325,1
DA:334,1028
DA:335,1028
DA:336,1028
DA:338,1028
DA:339,3089
DA:340,3089
DA:342,3089
DA:343,1643
DA:344,1643
DA:346,1446
DA:350,1028
DA:363,0
DA:364,0
DA:365,0
DA:367,0
DA:373,0
DA:377,0
DA:378,0
DA:379,0
DA:380,0
DA:384,0
DA:387,0
DA:389,0
DA:393,0
DA:395,0
DA:412,0
DA:419,0
DA:431,0
DA:434,0
DA:435,0
DA:439,0
DA:440,0
DA:442,0
DA:445,0
DA:446,0
DA:447,0
DA:448,0
DA:451,0
DA:452,0
DA:456,0
DA:459,0
DA:460,0
DA:461,0
DA:463,0
DA:464,0
DA:469,0
DA:470,0
DA:471,0
DA:472,0
DA:473,0
DA:475,0
DA:476,0
DA:482,0
DA:483,0
DA:484,0
DA:485,0
DA:487,0
DA:488,0
DA:493,0
DA:494,0
DA:495,0
DA:496,0
DA:498,0
DA:499,0
DA:504,0
DA:505,0
DA:506,0
DA:507,0
DA:509,0
DA:510,0
DA:515,0
DA:516,0
DA:517,0
DA:518,0
DA:519,0
DA:522,0
DA:523,0
DA:529,0
DA:530,0
DA:533,0
DA:541,1044
DA:544,1027
DA:547,981
DA:550,981
DA:552,972
DA:559,0
DA:575,0
DA:578,0
DA:580,0
DA:583,0
DA:584,0
DA:585,0
DA:586,0
DA:587,0
DA:588,0
DA:590,0
DA:596,0
DA:597,0
DA:598,0
DA:599,0
DA:600,0
DA:601,0
DA:602,0
DA:605,0
DA:607,0
DA:611,0
DA:614,0
DA:615,0
DA:616,0
DA:617,0
DA:618,0
DA:621,0
DA:622,0
DA:623,0
DA:626,0
DA:627,0
DA:628,0
DA:630,0
DA:631,0
DA:632,0
DA:634,0
DA:635,0
DA:636,0
DA:638,0
DA:639,0
DA:641,0
DA:646,0
DA:647,0
DA:649,0
DA:650,0
DA:651,0
DA:653,0
DA:654,0
DA:655,0
DA:657,0
DA:658,0
DA:660,0
DA:661,0
DA:665,0
DA:667,0
DA:675,0
DA:676,0
DA:679,0
DA:680,0
DA:681,0
DA:682,0
DA:684,0
DA:685,0
DA:687,0
DA:688,0
DA:690,0
DA:691,0
DA:694,0
DA:695,0
DA:696,0
DA:697,0
DA:706,0
DA:708,0
DA:709,0
DA:710,0
DA:711,0
DA:713,0
DA:719,1
DA:722,1
DA:723,1
LF:188
LH:41
BRDA:68,0,0,1044
BRDA:68,0,1,1030
BRDA:73,1,0,0
BRDA:73,1,1,0
BRDA:73,2,0,0
BRDA:73,2,1,0
BRDA:322,3,0,1
BRDA:322,3,1,0
BRDA:342,4,0,1643
BRDA:342,4,1,1446
BRDA:360,5,0,0
BRDA:367,6,0,0
BRDA:367,6,1,0
BRDA:368,7,0,0
BRDA:368,7,1,0
BRDA:368,7,2,0
BRDA:368,7,3,0
BRDA:389,8,0,0
BRDA:389,8,1,0
BRDA:434,9,0,0
BRDA:434,9,1,0
BRDA:439,10,0,0
BRDA:439,10,1,0
BRDA:445,11,0,0
BRDA:445,11,1,0
BRDA:451,12,0,0
BRDA:451,12,1,0
BRDA:451,13,0,0
BRDA:451,13,1,0
BRDA:451,13,2,0
BRDA:459,14,0,0
BRDA:459,14,1,0
BRDA:459,15,0,0
BRDA:459,15,1,0
BRDA:461,16,0,0
BRDA:461,16,1,0
BRDA:463,17,0,0
BRDA:463,17,1,0
BRDA:469,18,0,0
BRDA:469,18,1,0
BRDA:469,19,0,0
BRDA:469,19,1,0
BRDA:472,20,0,0
BRDA:472,20,1,0
BRDA:475,21,0,0
BRDA:475,21,1,0
BRDA:475,22,0,0
BRDA:475,22,1,0
BRDA:484,23,0,0
BRDA:484,23,1,0
BRDA:487,24,0,0
BRDA:487,24,1,0
BRDA:487,25,0,0
BRDA:487,25,1,0
BRDA:495,26,0,0
BRDA:495,26,1,0
BRDA:498,27,0,0
BRDA:498,27,1,0
BRDA:498,28,0,0
BRDA:498,28,1,0
BRDA:506,29,0,0
BRDA:506,29,1,0
BRDA:509,30,0,0
BRDA:509,30,1,0
BRDA:509,31,0,0
BRDA:509,31,1,0
BRDA:515,32,0,0
BRDA:515,32,1,0
BRDA:518,33,0,0
BRDA:518,33,1,0
BRDA:522,34,0,0
BRDA:522,34,1,0
BRDA:522,35,0,0
BRDA:522,35,1,0
BRDA:529,36,0,0
BRDA:529,36,1,0
BRDA:541,37,0,17
BRDA:541,37,1,1027
BRDA:544,38,0,46
BRDA:544,38,1,981
BRDA:547,39,0,0
BRDA:547,39,1,981
BRDA:550,40,0,9
BRDA:550,40,1,972
BRDA:550,41,0,981
BRDA:550,41,1,975
BRDA:580,42,0,0
BRDA:580,42,1,0
BRDA:583,43,0,0
BRDA:583,43,1,0
BRDA:585,44,0,0
BRDA:585,44,1,0
BRDA:587,45,0,0
BRDA:587,45,1,0
BRDA:596,46,0,0
BRDA:596,46,1,0
BRDA:597,47,0,0
BRDA:597,47,1,0
BRDA:598,48,0,0
BRDA:598,48,1,0
BRDA:599,49,0,0
BRDA:599,49,1,0
BRDA:600,50,0,0
BRDA:600,50,1,0
BRDA:601,51,0,0
BRDA:601,51,1,0
BRDA:611,52,0,0
BRDA:611,52,1,0
BRDA:616,53,0,0
BRDA:616,53,1,0
BRDA:638,54,0,0
BRDA:638,54,1,0
BRDA:650,55,0,0
BRDA:650,55,1,0
BRDA:657,56,0,0
BRDA:657,56,1,0
BRDA:675,57,0,0
BRDA:675,57,1,0
BRDA:708,58,0,0
BRDA:708,58,1,0
BRDA:710,59,0,0
BRDA:710,59,1,0
BRF:122
BRH:14
end_of_record
TN:
SF:src\utils\haptics.ts
FN:20,(anonymous_0)
FN:27,(anonymous_1)
FN:34,(anonymous_2)
FN:44,(anonymous_3)
FN:54,(anonymous_4)
FN:68,(anonymous_5)
FN:82,(anonymous_6)
FN:93,(anonymous_7)
FN:102,(anonymous_8)
FN:127,(anonymous_9)
FN:142,(anonymous_10)
FN:150,(anonymous_11)
FN:164,(anonymous_12)
FN:167,(anonymous_13)
FN:170,(anonymous_14)
FN:173,(anonymous_15)
FN:176,(anonymous_16)
FN:179,(anonymous_17)
FNF:18
FNH:0
FNDA:0,(anonymous_0)
FNDA:0,(anonymous_1)
FNDA:0,(anonymous_2)
FNDA:0,(anonymous_3)
FNDA:0,(anonymous_4)
FNDA:0,(anonymous_5)
FNDA:0,(anonymous_6)
FNDA:0,(anonymous_7)
FNDA:0,(anonymous_8)
FNDA:0,(anonymous_9)
FNDA:0,(anonymous_10)
FNDA:0,(anonymous_11)
FNDA:0,(anonymous_12)
FNDA:0,(anonymous_13)
FNDA:0,(anonymous_14)
FNDA:0,(anonymous_15)
FNDA:0,(anonymous_16)
FNDA:0,(anonymous_17)
DA:16,0
DA:17,0
DA:18,0
DA:21,0
DA:22,0
DA:24,0
DA:28,0
DA:35,0
DA:37,0
DA:38,0
DA:45,0
DA:47,0
DA:48,0
DA:55,0
DA:57,0
DA:58,0
DA:59,0
DA:69,0
DA:71,0
DA:72,0
DA:73,0
DA:83,0
DA:85,0
DA:86,0
DA:87,0
DA:94,0
DA:96,0
DA:97,0
DA:99,0
DA:104,0
DA:105,0
DA:109,0
DA:110,0
DA:114,0
DA:115,0
DA:119,0
DA:120,0
DA:124,0
DA:128,0
DA:130,0
DA:132,0
DA:134,0
DA:136,0
DA:138,0
DA:143,0
DA:144,0
DA:145,0
DA:148,0
DA:149,0
DA:150,0
DA:151,0
DA:161,0
DA:164,0
DA:165,0
DA:167,0
DA:168,0
DA:170,0
DA:171,0
DA:173,0
DA:174,0
DA:176,0
DA:177,0
DA:179,0
DA:180,0
LF:64
LH:0
BRDA:21,0,0,0
BRDA:21,0,1,0
BRDA:35,1,0,0
BRDA:35,1,1,0
BRDA:45,2,0,0
BRDA:45,2,1,0
BRDA:55,3,0,0
BRDA:55,3,1,0
BRDA:69,4,0,0
BRDA:69,4,1,0
BRDA:83,5,0,0
BRDA:83,5,1,0
BRDA:94,6,0,0
BRDA:94,6,1,0
BRDA:94,7,0,0
BRDA:94,7,1,0
BRDA:97,8,0,0
BRDA:97,8,1,0
BRDA:104,9,0,0
BRDA:104,9,1,0
BRDA:104,10,0,0
BRDA:104,10,1,0
BRDA:109,11,0,0
BRDA:109,11,1,0
BRDA:114,12,0,0
BRDA:114,12,1,0
BRDA:119,13,0,0
BRDA:119,13,1,0
BRDA:128,14,0,0
BRDA:128,14,1,0
BRDA:128,14,2,0
BRDA:128,14,3,0
BRDA:128,14,4,0
BRDA:148,15,0,0
BRDA:148,15,1,0
BRDA:148,16,0,0
BRDA:148,16,1,0
BRDA:148,16,2,0
BRF:38
BRH:0
end_of_record
TN:
SF:src\utils\helpers.ts
FN:6,(anonymous_0)
FN:23,(anonymous_1)
FN:40,(anonymous_2)
FN:48,(anonymous_3)
FN:55,(anonymous_4)
FN:80,(anonymous_5)
FN:97,(anonymous_6)
FN:104,(anonymous_7)
FN:111,(anonymous_8)
FN:116,(anonymous_9)
FN:118,(anonymous_10)
FN:125,(anonymous_11)
FN:140,(anonymous_12)
FN:148,(anonymous_13)
FN:160,(anonymous_14)
FN:172,(anonymous_15)
FN:181,(anonymous_16)
FNF:17
FNH:0
FNDA:0,(anonymous_0)
FNDA:0,(anonymous_1)
FNDA:0,(anonymous_2)
FNDA:0,(anonymous_3)
FNDA:0,(anonymous_4)
FNDA:0,(anonymous_5)
FNDA:0,(anonymous_6)
FNDA:0,(anonymous_7)
FNDA:0,(anonymous_8)
FNDA:0,(anonymous_9)
FNDA:0,(anonymous_10)
FNDA:0,(anonymous_11)
FNDA:0,(anonymous_12)
FNDA:0,(anonymous_13)
FNDA:0,(anonymous_14)
FNDA:0,(anonymous_15)
FNDA:0,(anonymous_16)
DA:6,0
DA:7,0
DA:8,0
DA:9,0
DA:11,0
DA:12,0
DA:13,0
DA:14,0
DA:16,0
DA:23,0
DA:24,0
DA:25,0
DA:33,0
DA:34,0
DA:40,0
DA:41,0
DA:42,0
DA:48,0
DA:49,0
DA:55,0
DA:56,0
DA:57,0
DA:58,0
DA:59,0
DA:60,0
DA:61,0
DA:62,0
DA:64,0
DA:65,0
DA:66,0
DA:67,0
DA:68,0
DA:70,0
DA:71,0
DA:72,0
DA:73,0
DA:80,0
DA:81,0
DA:83,0
DA:84,0
DA:85,0
DA:86,0
DA:88,0
DA:89,0
DA:90,0
DA:97,0
DA:98,0
DA:104,0
DA:105,0
DA:111,0
DA:116,0
DA:117,0
DA:118,0
DA:125,0
DA:131,0
DA:132,0
DA:133,0
DA:134,0
DA:140,0
DA:141,0
DA:142,0
DA:148,0
DA:149,0
DA:154,0
DA:160,0
DA:161,0
DA:162,0
DA:172,0
DA:173,0
DA:174,0
DA:175,0
DA:181,0
DA:182,0
LF:73
LH:0
BRDA:11,0,0,0
BRDA:11,0,1,0
BRDA:13,1,0,0
BRDA:13,1,1,0
BRDA:23,2,0,0
BRDA:33,3,0,0
BRDA:33,3,1,0
BRDA:40,4,0,0
BRDA:41,5,0,0
BRDA:41,5,1,0
BRDA:55,6,0,0
BRDA:64,7,0,0
BRDA:64,7,1,0
BRDA:65,8,0,0
BRDA:65,8,1,0
BRDA:65,9,0,0
BRDA:65,9,1,0
BRDA:66,10,0,0
BRDA:66,10,1,0
BRDA:66,11,0,0
BRDA:66,11,1,0
BRDA:67,12,0,0
BRDA:67,12,1,0
BRDA:67,13,0,0
BRDA:67,13,1,0
BRDA:70,14,0,0
BRDA:70,14,1,0
BRDA:70,15,0,0
BRDA:70,15,1,0
BRDA:71,16,0,0
BRDA:71,16,1,0
BRDA:71,17,0,0
BRDA:71,17,1,0
BRDA:72,18,0,0
BRDA:72,18,1,0
BRDA:72,19,0,0
BRDA:72,19,1,0
BRDA:80,20,0,0
BRDA:83,21,0,0
BRDA:83,21,1,0
BRDA:84,22,0,0
BRDA:84,22,1,0
BRDA:85,23,0,0
BRDA:85,23,1,0
BRDA:88,24,0,0
BRDA:88,24,1,0
BRDA:89,25,0,0
BRDA:89,25,1,0
BRDA:98,26,0,0
BRDA:98,26,1,0
BRDA:131,27,0,0
BRDA:131,27,1,0
BRDA:131,28,0,0
BRDA:131,28,1,0
BRDA:132,29,0,0
BRDA:132,29,1,0
BRDA:132,30,0,0
BRDA:132,30,1,0
BRDA:133,31,0,0
BRDA:133,31,1,0
BRDA:133,32,0,0
BRDA:133,32,1,0
BRDA:141,33,0,0
BRDA:141,33,1,0
BRDA:148,34,0,0
BRDA:163,35,0,0
BRDA:163,35,1,0
BRDA:163,35,2,0
BRF:68
BRH:0
end_of_record
TN:
SF:src\utils\networkHandler.ts
FN:29,(anonymous_0)
FN:36,(anonymous_1)
FN:40,(anonymous_2)
FN:47,(anonymous_3)
FN:59,(anonymous_4)
FN:70,(anonymous_5)
FN:74,(anonymous_6)
FN:82,(anonymous_7)
FN:89,(anonymous_8)
FN:168,(anonymous_9)
FN:173,(anonymous_10)
FN:175,(anonymous_11)
FN:211,(anonymous_12)
FN:238,(anonymous_13)
FN:249,(anonymous_14)
FN:278,(anonymous_15)
FN:279,(anonymous_16)
FN:285,(anonymous_17)
FN:324,(anonymous_18)
FN:329,(anonymous_19)
FN:335,(anonymous_20)
FN:337,(anonymous_21)
FN:340,(anonymous_22)
FNF:23
FNH:0
FNDA:0,(anonymous_0)
FNDA:0,(anonymous_1)
FNDA:0,(anonymous_2)
FNDA:0,(anonymous_3)
FNDA:0,(anonymous_4)
FNDA:0,(anonymous_5)
FNDA:0,(anonymous_6)
FNDA:0,(anonymous_7)
FNDA:0,(anonymous_8)
FNDA:0,(anonymous_9)
FNDA:0,(anonymous_10)
FNDA:0,(anonymous_11)
FNDA:0,(anonymous_12)
FNDA:0,(anonymous_13)
FNDA:0,(anonymous_14)
FNDA:0,(anonymous_15)
FNDA:0,(anonymous_16)
FNDA:0,(anonymous_17)
FNDA:0,(anonymous_18)
FNDA:0,(anonymous_19)
FNDA:0,(anonymous_20)
FNDA:0,(anonymous_21)
FNDA:0,(anonymous_22)
DA:26,0
DA:27,0
DA:30,0
DA:31,0
DA:33,0
DA:37,0
DA:41,0
DA:43,0
DA:44,0
DA:47,0
DA:48,0
DA:49,0
DA:51,0
DA:52,0
DA:59,0
DA:63,0
DA:71,0
DA:74,0
DA:75,0
DA:83,0
DA:99,0
DA:102,0
DA:104,0
DA:105,0
DA:107,0
DA:108,0
DA:111,0
DA:114,0
DA:115,0
DA:121,0
DA:123,0
DA:126,0
DA:127,0
DA:131,0
DA:132,0
DA:136,0
DA:140,0
DA:148,0
DA:151,0
DA:156,0
DA:162,0
DA:173,0
DA:174,0
DA:175,0
DA:177,0
DA:178,0
DA:183,0
DA:185,0
DA:186,0
DA:187,0
DA:188,0
DA:189,0
DA:192,0
DA:194,0
DA:196,0
DA:197,0
DA:198,0
DA:199,0
DA:200,0
DA:203,0
DA:213,0
DA:215,0
DA:219,0
DA:220,0
DA:224,0
DA:225,0
DA:229,0
DA:230,0
DA:238,0
DA:239,0
DA:243,0
DA:250,0
DA:253,0
DA:254,0
DA:257,0
DA:258,0
DA:262,0
DA:263,0
DA:264,0
DA:265,0
DA:266,0
DA:267,0
DA:268,0
DA:269,0
DA:272,0
DA:279,0
DA:286,0
DA:287,0
DA:290,0
DA:291,0
DA:294,0
DA:295,0
DA:297,0
DA:299,0
DA:301,0
DA:303,0
DA:305,0
DA:310,0
DA:312,0
DA:316,0
DA:321,0
DA:324,0
DA:327,0
DA:329,0
DA:333,0
DA:335,0
DA:337,0
DA:338,0
DA:340,0
DA:341,0
LF:110
LH:0
BRDA:30,0,0,0
BRDA:30,0,1,0
BRDA:44,1,0,0
BRDA:44,1,1,0
BRDA:49,2,0,0
BRDA:49,2,1,0
BRDA:51,3,0,0
BRDA:51,3,1,0
BRDA:91,4,0,0
BRDA:94,5,0,0
BRDA:95,6,0,0
BRDA:96,7,0,0
BRDA:97,8,0,0
BRDA:98,9,0,0
BRDA:107,10,0,0
BRDA:107,10,1,0
BRDA:107,11,0,0
BRDA:107,11,1,0
BRDA:114,12,0,0
BRDA:114,12,1,0
BRDA:126,13,0,0
BRDA:126,13,1,0
BRDA:131,14,0,0
BRDA:131,14,1,0
BRDA:170,15,0,0
BRDA:171,16,0,0
BRDA:185,17,0,0
BRDA:185,17,1,0
BRDA:196,18,0,0
BRDA:196,18,1,0
BRDA:213,19,0,0
BRDA:213,19,1,0
BRDA:213,20,0,0
BRDA:213,20,1,0
BRDA:213,20,2,0
BRDA:219,21,0,0
BRDA:219,21,1,0
BRDA:219,22,0,0
BRDA:219,22,1,0
BRDA:224,23,0,0
BRDA:224,23,1,0
BRDA:224,24,0,0
BRDA:224,24,1,0
BRDA:229,25,0,0
BRDA:229,25,1,0
BRDA:257,26,0,0
BRDA:257,26,1,0
BRDA:257,27,0,0
BRDA:257,27,1,0
BRDA:262,28,0,0
BRDA:262,28,1,0
BRDA:264,29,0,0
BRDA:264,29,1,0
BRDA:266,30,0,0
BRDA:266,30,1,0
BRDA:268,31,0,0
BRDA:268,31,1,0
BRDA:268,32,0,0
BRDA:268,32,1,0
BRDA:286,33,0,0
BRDA:286,33,1,0
BRDA:290,34,0,0
BRDA:290,34,1,0
BRDA:294,35,0,0
BRDA:294,35,1,0
BRDA:295,36,0,0
BRDA:295,36,1,0
BRDA:295,36,2,0
BRDA:295,36,3,0
BRDA:295,36,4,0
BRDA:295,36,5,0
BRDA:295,36,6,0
BRDA:295,36,7,0
BRDA:295,36,8,0
BRDA:295,36,9,0
BRDA:316,37,0,0
BRDA:316,37,1,0
BRF:77
BRH:0
end_of_record
TN:
SF:src\utils\notifications.ts
FN:9,(anonymous_0)
FN:19,(anonymous_1)
FN:35,(anonymous_2)
FN:54,(anonymous_3)
FN:99,(anonymous_4)
FN:128,(anonymous_5)
FN:162,(anonymous_6)
FN:185,(anonymous_7)
FN:213,(anonymous_8)
FN:229,(anonymous_9)
FN:247,(anonymous_10)
FN:297,(anonymous_11)
FN:319,(anonymous_12)
FN:338,(anonymous_13)
FN:380,(anonymous_14)
FNF:15
FNH:0
FNDA:0,(anonymous_0)
FNDA:0,(anonymous_1)
FNDA:0,(anonymous_2)
FNDA:0,(anonymous_3)
FNDA:0,(anonymous_4)
FNDA:0,(anonymous_5)
FNDA:0,(anonymous_6)
FNDA:0,(anonymous_7)
FNDA:0,(anonymous_8)
FNDA:0,(anonymous_9)
FNDA:0,(anonymous_10)
FNDA:0,(anonymous_11)
FNDA:0,(anonymous_12)
FNDA:0,(anonymous_13)
FNDA:0,(anonymous_14)
DA:8,0
DA:9,0
DA:17,0
DA:20,0
DA:21,0
DA:23,0
DA:26,0
DA:27,0
DA:29,0
DA:30,0
DA:36,0
DA:38,0
DA:39,0
DA:49,0
DA:55,0
DA:57,0
DA:59,0
DA:60,0
DA:61,0
DA:64,0
DA:65,0
DA:66,0
DA:67,0
DA:68,0
DA:69,0
DA:70,0
DA:71,0
DA:72,0
DA:73,0
DA:74,0
DA:75,0
DA:76,0
DA:77,0
DA:78,0
DA:79,0
DA:80,0
DA:81,0
DA:84,0
DA:94,0
DA:100,0
DA:101,0
DA:102,0
DA:103,0
DA:105,0
DA:106,0
DA:107,0
DA:108,0
DA:109,0
DA:110,0
DA:113,0
DA:123,0
DA:129,0
DA:130,0
DA:132,0
DA:133,0
DA:134,0
DA:136,0
DA:137,0
DA:138,0
DA:139,0
DA:140,0
DA:141,0
DA:142,0
DA:143,0
DA:144,0
DA:147,0
DA:157,0
DA:163,0
DA:165,0
DA:167,0
DA:168,0
DA:170,0
DA:180,0
DA:186,0
DA:187,0
DA:197,0
DA:203,0
DA:204,0
DA:214,0
DA:215,0
DA:224,0
DA:230,0
DA:231,0
DA:232,0
DA:242,0
DA:248,0
DA:249,0
DA:250,0
DA:252,0
DA:254,0
DA:255,0
DA:256,0
DA:258,0
DA:259,0
DA:260,0
DA:262,0
DA:263,0
DA:264,0
DA:266,0
DA:267,0
DA:268,0
DA:270,0
DA:271,0
DA:272,0
DA:274,0
DA:275,0
DA:278,0
DA:292,0
DA:298,0
DA:299,0
DA:314,0
DA:320,0
DA:322,0
DA:323,0
DA:333,0
DA:339,0
DA:341,0
DA:343,0
DA:344,0
DA:345,0
DA:348,0
DA:349,0
DA:350,0
DA:351,0
DA:352,0
DA:353,0
DA:354,0
DA:355,0
DA:356,0
DA:357,0
DA:358,0
DA:359,0
DA:360,0
DA:361,0
DA:362,0
DA:365,0
DA:375,0
DA:381,0
DA:382,0
DA:384,0
LF:140
LH:0
BRDA:21,0,0,0
BRDA:21,0,1,0
BRDA:38,1,0,0
BRDA:38,1,1,0
BRDA:38,2,0,0
BRDA:38,2,1,0
BRDA:38,2,2,0
BRDA:59,3,0,0
BRDA:59,3,1,0
BRDA:64,4,0,0
BRDA:64,4,1,0
BRDA:67,5,0,0
BRDA:67,5,1,0
BRDA:70,6,0,0
BRDA:70,6,1,0
BRDA:73,7,0,0
BRDA:73,7,1,0
BRDA:76,8,0,0
BRDA:76,8,1,0
BRDA:79,9,0,0
BRDA:79,9,1,0
BRDA:101,10,0,0
BRDA:101,10,1,0
BRDA:101,11,0,0
BRDA:101,11,1,0
BRDA:105,12,0,0
BRDA:105,12,1,0
BRDA:108,13,0,0
BRDA:108,13,1,0
BRDA:132,14,0,0
BRDA:132,14,1,0
BRDA:136,15,0,0
BRDA:136,15,1,0
BRDA:139,16,0,0
BRDA:139,16,1,0
BRDA:142,17,0,0
BRDA:142,17,1,0
BRDA:167,18,0,0
BRDA:167,18,1,0
BRDA:231,19,0,0
BRDA:231,19,1,0
BRDA:252,20,0,0
BRDA:252,20,1,0
BRDA:252,20,2,0
BRDA:252,20,3,0
BRDA:252,20,4,0
BRDA:252,20,5,0
BRDA:322,21,0,0
BRDA:322,21,1,0
BRDA:322,22,0,0
BRDA:322,22,1,0
BRDA:322,22,2,0
BRDA:343,23,0,0
BRDA:343,23,1,0
BRDA:348,24,0,0
BRDA:348,24,1,0
BRDA:351,25,0,0
BRDA:351,25,1,0
BRDA:354,26,0,0
BRDA:354,26,1,0
BRDA:357,27,0,0
BRDA:357,27,1,0
BRDA:360,28,0,0
BRDA:360,28,1,0
BRF:64
BRH:0
end_of_record
TN:
SF:src\utils\secureLogger.ts
FN:34,(anonymous_0)
FN:43,(anonymous_1)
FN:58,(anonymous_2)
FN:61,(anonymous_3)
FN:62,(anonymous_4)
FN:77,(anonymous_5)
FN:85,(anonymous_6)
FN:88,(anonymous_7)
FN:103,(anonymous_8)
FN:124,(anonymous_9)
FN:133,(anonymous_10)
FN:145,(anonymous_11)
FN:157,(anonymous_12)
FN:174,(anonymous_13)
FN:186,(anonymous_14)
FN:207,(anonymous_15)
FN:209,(anonymous_16)
FN:210,(anonymous_17)
FN:211,(anonymous_18)
FN:212,(anonymous_19)
FN:221,(anonymous_20)
FN:224,(anonymous_21)
FN:227,(anonymous_22)
FN:230,(anonymous_23)
FNF:24
FNH:0
FNDA:0,(anonymous_0)
FNDA:0,(anonymous_1)
FNDA:0,(anonymous_2)
FNDA:0,(anonymous_3)
FNDA:0,(anonymous_4)
FNDA:0,(anonymous_5)
FNDA:0,(anonymous_6)
FNDA:0,(anonymous_7)
FNDA:0,(anonymous_8)
FNDA:0,(anonymous_9)
FNDA:0,(anonymous_10)
FNDA:0,(anonymous_11)
FNDA:0,(anonymous_12)
FNDA:0,(anonymous_13)
FNDA:0,(anonymous_14)
FNDA:0,(anonymous_15)
FNDA:0,(anonymous_16)
FNDA:0,(anonymous_17)
FNDA:0,(anonymous_18)
FNDA:0,(anonymous_19)
FNDA:0,(anonymous_20)
FNDA:0,(anonymous_21)
FNDA:0,(anonymous_22)
FNDA:0,(anonymous_23)
DA:12,0
DA:20,0
DA:35,0
DA:36,0
DA:37,0
DA:44,0
DA:45,0
DA:48,0
DA:49,0
DA:52,0
DA:59,0
DA:61,0
DA:62,0
DA:63,0
DA:64,0
DA:65,0
DA:67,0
DA:71,0
DA:78,0
DA:80,0
DA:85,0
DA:86,0
DA:88,0
DA:89,0
DA:90,0
DA:91,0
DA:92,0
DA:93,0
DA:97,0
DA:104,0
DA:105,0
DA:108,0
DA:115,0
DA:116,0
DA:118,0
DA:125,0
DA:126,0
DA:127,0
DA:134,0
DA:136,0
DA:137,0
DA:139,0
DA:146,0
DA:148,0
DA:149,0
DA:151,0
DA:158,0
DA:160,0
DA:161,0
DA:163,0
DA:166,0
DA:167,0
DA:175,0
DA:177,0
DA:178,0
DA:180,0
DA:192,0
DA:201,0
DA:208,0
DA:209,0
DA:210,0
DA:211,0
DA:212,0
DA:218,0
DA:221,0
DA:222,0
DA:224,0
DA:225,0
DA:227,0
DA:228,0
DA:230,0
DA:231,0
LF:72
LH:0
BRDA:37,0,0,0
BRDA:37,0,1,0
BRDA:44,1,0,0
BRDA:44,1,1,0
BRDA:48,2,0,0
BRDA:48,2,1,0
BRDA:48,3,0,0
BRDA:48,3,1,0
BRDA:63,4,0,0
BRDA:63,4,1,0
BRDA:88,5,0,0
BRDA:88,5,1,0
BRDA:90,6,0,0
BRDA:90,6,1,0
BRDA:90,7,0,0
BRDA:90,7,1,0
BRDA:92,8,0,0
BRDA:92,8,1,0
BRDA:104,9,0,0
BRDA:104,9,1,0
BRDA:104,10,0,0
BRDA:104,10,1,0
BRDA:115,11,0,0
BRDA:115,11,1,0
BRDA:116,12,0,0
BRDA:116,12,1,0
BRDA:126,13,0,0
BRDA:126,13,1,0
BRDA:134,14,0,0
BRDA:134,14,1,0
BRDA:137,15,0,0
BRDA:137,15,1,0
BRDA:146,16,0,0
BRDA:146,16,1,0
BRDA:149,17,0,0
BRDA:149,17,1,0
BRDA:158,18,0,0
BRDA:158,18,1,0
BRDA:161,19,0,0
BRDA:161,19,1,0
BRDA:166,20,0,0
BRDA:166,20,1,0
BRDA:166,21,0,0
BRDA:166,21,1,0
BRDA:175,22,0,0
BRDA:175,22,1,0
BRDA:178,23,0,0
BRDA:178,23,1,0
BRDA:196,24,0,0
BRDA:196,24,1,0
BRDA:197,25,0,0
BRDA:197,25,1,0
BRF:52
BRH:0
end_of_record
TN:
SF:src\utils\storage.ts
FN:34,(anonymous_0)
FN:44,(anonymous_1)
FN:54,(anonymous_2)
FN:64,(anonymous_3)
FN:76,(anonymous_4)
FN:86,(anonymous_5)
FN:96,(anonymous_6)
FN:106,(anonymous_7)
FN:120,(anonymous_8)
FN:130,(anonymous_9)
FN:144,(anonymous_10)
FN:154,(anonymous_11)
FN:168,(anonymous_12)
FN:176,(anonymous_13)
FN:219,(anonymous_14)
FN:250,(anonymous_15)
FN:265,(anonymous_16)
FN:266,(anonymous_17)
FN:279,(anonymous_18)
FN:280,(anonymous_19)
FN:299,(anonymous_20)
FN:315,(anonymous_21)
FNF:22
FNH:0
FNDA:0,(anonymous_0)
FNDA:0,(anonymous_1)
FNDA:0,(anonymous_2)
FNDA:0,(anonymous_3)
FNDA:0,(anonymous_4)
FNDA:0,(anonymous_5)
FNDA:0,(anonymous_6)
FNDA:0,(anonymous_7)
FNDA:0,(anonymous_8)
FNDA:0,(anonymous_9)
FNDA:0,(anonymous_10)
FNDA:0,(anonymous_11)
FNDA:0,(anonymous_12)
FNDA:0,(anonymous_13)
FNDA:0,(anonymous_14)
FNDA:0,(anonymous_15)
FNDA:0,(anonymous_16)
FNDA:0,(anonymous_17)
FNDA:0,(anonymous_18)
FNDA:0,(anonymous_19)
FNDA:0,(anonymous_20)
FNDA:0,(anonymous_21)
DA:9,0
DA:32,0
DA:35,0
DA:36,0
DA:37,0
DA:39,0
DA:40,0
DA:45,0
DA:46,0
DA:48,0
DA:49,0
DA:55,0
DA:56,0
DA:57,0
DA:59,0
DA:60,0
DA:65,0
DA:67,0
DA:68,0
DA:70,0
DA:71,0
DA:77,0
DA:78,0
DA:79,0
DA:81,0
DA:82,0
DA:87,0
DA:88,0
DA:90,0
DA:91,0
DA:97,0
DA:98,0
DA:99,0
DA:101,0
DA:102,0
DA:107,0
DA:108,0
DA:109,0
DA:111,0
DA:114,0
DA:115,0
DA:121,0
DA:122,0
DA:123,0
DA:125,0
DA:126,0
DA:131,0
DA:132,0
DA:133,0
DA:135,0
DA:138,0
DA:139,0
DA:145,0
DA:146,0
DA:147,0
DA:149,0
DA:150,0
DA:155,0
DA:156,0
DA:157,0
DA:159,0
DA:162,0
DA:163,0
DA:169,0
DA:170,0
DA:176,0
DA:178,0
DA:197,0
DA:198,0
DA:199,0
DA:201,0
DA:204,0
DA:205,0
DA:211,0
DA:213,0
DA:214,0
DA:224,0
DA:225,0
DA:230,0
DA:231,0
DA:234,0
DA:235,0
DA:238,0
DA:239,0
DA:242,0
DA:244,0
DA:245,0
DA:251,0
DA:252,0
DA:254,0
DA:255,0
DA:256,0
DA:259,0
DA:260,0
DA:261,0
DA:264,0
DA:265,0
DA:266,0
DA:267,0
DA:269,0
DA:270,0
DA:273,0
DA:278,0
DA:279,0
DA:280,0
DA:281,0
DA:286,0
DA:288,0
DA:289,0
DA:290,0
DA:293,0
DA:294,0
DA:300,0
DA:316,0
DA:317,0
DA:319,0
DA:320,0
LF:117
LH:0
BRDA:37,0,0,0
BRDA:37,0,1,0
BRDA:57,1,0,0
BRDA:57,1,1,0
BRDA:79,2,0,0
BRDA:79,2,1,0
BRDA:99,3,0,0
BRDA:99,3,1,0
BRDA:108,4,0,0
BRDA:108,4,1,0
BRDA:123,5,0,0
BRDA:123,5,1,0
BRDA:132,6,0,0
BRDA:132,6,1,0
BRDA:147,7,0,0
BRDA:147,7,1,0
BRDA:156,8,0,0
BRDA:156,8,1,0
BRDA:183,9,0,0
BRDA:183,9,1,0
BRDA:204,10,0,0
BRDA:204,10,1,0
BRDA:230,11,0,0
BRDA:230,11,1,0
BRDA:238,12,0,0
BRDA:238,12,1,0
BRDA:250,13,0,0
BRDA:252,14,0,0
BRDA:252,14,1,0
BRDA:267,15,0,0
BRDA:267,15,1,0
BRDA:269,16,0,0
BRDA:269,16,1,0
BRDA:280,17,0,0
BRDA:280,17,1,0
BRDA:301,18,0,0
BRDA:301,18,1,0
BRDA:301,18,2,0
BRDA:301,18,3,0
BRDA:301,18,4,0
BRDA:301,18,5,0
BRDA:301,18,6,0
BRDA:301,18,7,0
BRDA:301,18,8,0
BRDA:301,18,9,0
BRF:45
BRH:0
end_of_record
TN:
SF:src\utils\supabase.ts
FN:22,(anonymous_0)
FN:46,(anonymous_1)
FN:69,(anonymous_2)
FN:115,(anonymous_3)
FN:120,(anonymous_4)
FN:139,(anonymous_5)
FN:149,(anonymous_6)
FN:154,(anonymous_7)
FN:164,(anonymous_8)
FN:184,(anonymous_9)
FN:221,(anonymous_10)
FN:246,(anonymous_11)
FN:269,(anonymous_12)
FN:276,(anonymous_13)
FN:336,(anonymous_14)
FN:358,(anonymous_15)
FN:365,(anonymous_16)
FN:443,(anonymous_17)
FN:446,(anonymous_18)
FN:458,(anonymous_19)
FN:461,(anonymous_20)
FN:465,(anonymous_21)
FN:489,(anonymous_22)
FN:492,(anonymous_23)
FN:496,(anonymous_24)
FN:514,(anonymous_25)
FN:515,(anonymous_26)
FN:526,(anonymous_27)
FN:575,(anonymous_28)
FN:585,(anonymous_29)
FN:595,(anonymous_30)
FN:609,(anonymous_31)
FN:626,(anonymous_32)
FN:629,(anonymous_33)
FN:636,(anonymous_34)
FN:664,(anonymous_35)
FN:668,(anonymous_36)
FN:699,(anonymous_37)
FN:702,(anonymous_38)
FN:709,(anonymous_39)
FN:737,(anonymous_40)
FN:741,(anonymous_41)
FNF:42
FNH:0
FNDA:0,(anonymous_0)
FNDA:0,(anonymous_1)
FNDA:0,(anonymous_2)
FNDA:0,(anonymous_3)
FNDA:0,(anonymous_4)
FNDA:0,(anonymous_5)
FNDA:0,(anonymous_6)
FNDA:0,(anonymous_7)
FNDA:0,(anonymous_8)
FNDA:0,(anonymous_9)
FNDA:0,(anonymous_10)
FNDA:0,(anonymous_11)
FNDA:0,(anonymous_12)
FNDA:0,(anonymous_13)
FNDA:0,(anonymous_14)
FNDA:0,(anonymous_15)
FNDA:0,(anonymous_16)
FNDA:0,(anonymous_17)
FNDA:0,(anonymous_18)
FNDA:0,(anonymous_19)
FNDA:0,(anonymous_20)
FNDA:0,(anonymous_21)
FNDA:0,(anonymous_22)
FNDA:0,(anonymous_23)
FNDA:0,(anonymous_24)
FNDA:0,(anonymous_25)
FNDA:0,(anonymous_26)
FNDA:0,(anonymous_27)
FNDA:0,(anonymous_28)
FNDA:0,(anonymous_29)
FNDA:0,(anonymous_30)
FNDA:0,(anonymous_31)
FNDA:0,(anonymous_32)
FNDA:0,(anonymous_33)
FNDA:0,(anonymous_34)
FNDA:0,(anonymous_35)
FNDA:0,(anonymous_36)
FNDA:0,(anonymous_37)
FNDA:0,(anonymous_38)
FNDA:0,(anonymous_39)
FNDA:0,(anonymous_40)
FNDA:0,(anonymous_41)
DA:10,0
DA:11,0
DA:14,0
DA:15,0
DA:21,0
DA:23,0
DA:24,0
DA:26,0
DA:27,0
DA:29,0
DA:33,0
DA:34,0
DA:36,0
DA:41,0
DA:42,0
DA:47,0
DA:48,0
DA:50,0
DA:51,0
DA:56,0
DA:57,0
DA:59,0
DA:64,0
DA:65,0
DA:70,0
DA:71,0
DA:73,0
DA:74,0
DA:78,0
DA:79,0
DA:80,0
DA:85,0
DA:89,0
DA:90,0
DA:96,0
DA:114,0
DA:116,0
DA:117,0
DA:121,0
DA:122,0
DA:124,0
DA:125,0
DA:127,0
DA:128,0
DA:130,0
DA:131,0
DA:133,0
DA:134,0
DA:136,0
DA:141,0
DA:149,0
DA:150,0
DA:154,0
DA:159,0
DA:166,0
DA:168,0
DA:172,0
DA:173,0
DA:184,0
DA:185,0
DA:189,0
DA:194,0
DA:195,0
DA:198,0
DA:199,0
DA:200,0
DA:202,0
DA:209,0
DA:216,0
DA:221,0
DA:222,0
DA:223,0
DA:225,0
DA:227,0
DA:229,0
DA:231,0
DA:232,0
DA:234,0
DA:235,0
DA:237,0
DA:238,0
DA:244,0
DA:247,0
DA:249,0
DA:250,0
DA:253,0
DA:254,0
DA:257,0
DA:258,0
DA:261,0
DA:262,0
DA:263,0
DA:266,0
DA:268,0
DA:269,0
DA:278,0
DA:287,0
DA:288,0
DA:295,0
DA:296,0
DA:297,0
DA:298,0
DA:299,0
DA:300,0
DA:301,0
DA:302,0
DA:305,0
DA:309,0
DA:310,0
DA:311,0
DA:313,0
DA:321,0
DA:330,0
DA:331,0
DA:337,0
DA:339,0
DA:340,0
DA:343,0
DA:344,0
DA:347,0
DA:348,0
DA:351,0
DA:352,0
DA:355,0
DA:357,0
DA:358,0
DA:367,0
DA:376,0
DA:377,0
DA:384,0
DA:386,0
DA:392,0
DA:393,0
DA:399,0
DA:400,0
DA:406,0
DA:407,0
DA:413,0
DA:414,0
DA:422,0
DA:426,0
DA:427,0
DA:429,0
DA:435,0
DA:437,0
DA:438,0
DA:444,0
DA:445,0
DA:446,0
DA:450,0
DA:452,0
DA:453,0
DA:459,0
DA:460,0
DA:461,0
DA:467,0
DA:476,0
DA:477,0
DA:478,0
DA:481,0
DA:483,0
DA:484,0
DA:490,0
DA:491,0
DA:492,0
DA:498,0
DA:506,0
DA:508,0
DA:509,0
DA:515,0
DA:516,0
DA:521,0
DA:527,0
DA:528,0
DA:531,0
DA:534,0
DA:539,0
DA:565,0
DA:566,0
DA:568,0
DA:569,0
DA:575,0
DA:585,0
DA:595,0
DA:609,0
DA:624,0
DA:627,0
DA:629,0
DA:635,0
DA:637,0
DA:644,0
DA:647,0
DA:648,0
DA:651,0
DA:652,0
DA:656,0
DA:658,0
DA:659,0
DA:665,0
DA:667,0
DA:669,0
DA:678,0
DA:681,0
DA:682,0
DA:685,0
DA:686,0
DA:690,0
DA:691,0
DA:693,0
DA:694,0
DA:700,0
DA:702,0
DA:708,0
DA:710,0
DA:717,0
DA:720,0
DA:721,0
DA:724,0
DA:725,0
DA:729,0
DA:731,0
DA:732,0
DA:738,0
DA:740,0
DA:742,0
DA:751,0
DA:754,0
DA:755,0
DA:758,0
DA:759,0
DA:763,0
DA:764,0
DA:766,0
DA:767,0
LF:234
LH:0
BRDA:14,0,0,0
BRDA:14,0,1,0
BRDA:14,1,0,0
BRDA:14,1,1,0
BRDA:24,2,0,0
BRDA:24,2,1,0
BRDA:26,3,0,0
BRDA:26,3,1,0
BRDA:33,4,0,0
BRDA:33,4,1,0
BRDA:33,5,0,0
BRDA:33,5,1,0
BRDA:41,6,0,0
BRDA:41,6,1,0
BRDA:48,7,0,0
BRDA:48,7,1,0
BRDA:50,8,0,0
BRDA:50,8,1,0
BRDA:56,9,0,0
BRDA:56,9,1,0
BRDA:56,10,0,0
BRDA:56,10,1,0
BRDA:56,10,2,0
BRDA:64,11,0,0
BRDA:64,11,1,0
BRDA:71,12,0,0
BRDA:71,12,1,0
BRDA:73,13,0,0
BRDA:73,13,1,0
BRDA:78,14,0,0
BRDA:78,14,1,0
BRDA:78,15,0,0
BRDA:78,15,1,0
BRDA:89,16,0,0
BRDA:89,16,1,0
BRDA:103,17,0,0
BRDA:103,17,1,0
BRDA:103,18,0,0
BRDA:103,18,1,0
BRDA:117,19,0,0
BRDA:117,19,1,0
BRDA:121,20,0,0
BRDA:121,20,1,0
BRDA:124,21,0,0
BRDA:124,21,1,0
BRDA:127,22,0,0
BRDA:127,22,1,0
BRDA:130,23,0,0
BRDA:130,23,1,0
BRDA:133,24,0,0
BRDA:133,24,1,0
BRDA:139,25,0,0
BRDA:166,26,0,0
BRDA:166,26,1,0
BRDA:168,27,0,0
BRDA:168,27,1,0
BRDA:168,27,2,0
BRDA:172,28,0,0
BRDA:172,28,1,0
BRDA:198,29,0,0
BRDA:198,29,1,0
BRDA:198,30,0,0
BRDA:198,30,1,0
BRDA:205,31,0,0
BRDA:205,31,1,0
BRDA:225,32,0,0
BRDA:225,32,1,0
BRDA:225,33,0,0
BRDA:225,33,1,0
BRDA:227,34,0,0
BRDA:227,34,1,0
BRDA:229,35,0,0
BRDA:229,35,1,0
BRDA:229,35,2,0
BRDA:249,36,0,0
BRDA:249,36,1,0
BRDA:249,37,0,0
BRDA:249,37,1,0
BRDA:253,38,0,0
BRDA:253,38,1,0
BRDA:253,39,0,0
BRDA:253,39,1,0
BRDA:257,40,0,0
BRDA:257,40,1,0
BRDA:262,41,0,0
BRDA:262,41,1,0
BRDA:263,42,0,0
BRDA:263,42,1,0
BRDA:278,43,0,0
BRDA:278,43,1,0
BRDA:278,43,2,0
BRDA:278,43,3,0
BRDA:287,44,0,0
BRDA:287,44,1,0
BRDA:295,45,0,0
BRDA:295,45,1,0
BRDA:297,46,0,0
BRDA:297,46,1,0
BRDA:299,47,0,0
BRDA:299,47,1,0
BRDA:299,48,0,0
BRDA:299,48,1,0
BRDA:301,49,0,0
BRDA:301,49,1,0
BRDA:314,50,0,0
BRDA:314,50,1,0
BRDA:315,51,0,0
BRDA:315,51,1,0
BRDA:316,52,0,0
BRDA:316,52,1,0
BRDA:317,53,0,0
BRDA:317,53,1,0
BRDA:322,54,0,0
BRDA:322,54,1,0
BRDA:325,55,0,0
BRDA:325,55,1,0
BRDA:331,56,0,0
BRDA:331,56,1,0
BRDA:339,57,0,0
BRDA:339,57,1,0
BRDA:339,58,0,0
BRDA:339,58,1,0
BRDA:343,59,0,0
BRDA:343,59,1,0
BRDA:343,60,0,0
BRDA:343,60,1,0
BRDA:347,61,0,0
BRDA:347,61,1,0
BRDA:351,62,0,0
BRDA:351,62,1,0
BRDA:367,63,0,0
BRDA:367,63,1,0
BRDA:367,63,2,0
BRDA:367,63,3,0
BRDA:376,64,0,0
BRDA:376,64,1,0
BRDA:384,65,0,0
BRDA:384,65,1,0
BRDA:392,66,0,0
BRDA:392,66,1,0
BRDA:399,67,0,0
BRDA:399,67,1,0
BRDA:406,68,0,0
BRDA:406,68,1,0
BRDA:413,69,0,0
BRDA:413,69,1,0
BRDA:413,70,0,0
BRDA:413,70,1,0
BRDA:431,71,0,0
BRDA:431,71,1,0
BRDA:432,72,0,0
BRDA:432,72,1,0
BRDA:435,73,0,0
BRDA:435,73,1,0
BRDA:438,74,0,0
BRDA:438,74,1,0
BRDA:467,75,0,0
BRDA:467,75,1,0
BRDA:467,75,2,0
BRDA:467,75,3,0
BRDA:476,76,0,0
BRDA:476,76,1,0
BRDA:498,77,0,0
BRDA:498,77,1,0
BRDA:498,77,2,0
BRDA:498,77,3,0
BRDA:518,78,0,0
BRDA:518,78,1,0
BRDA:519,79,0,0
BRDA:519,79,1,0
BRDA:542,80,0,0
BRDA:542,80,1,0
BRDA:543,81,0,0
BRDA:543,81,1,0
BRDA:543,82,0,0
BRDA:543,82,1,0
BRDA:549,83,0,0
BRDA:549,83,1,0
BRDA:553,84,0,0
BRDA:553,84,1,0
BRDA:554,85,0,0
BRDA:554,85,1,0
BRDA:558,86,0,0
BRDA:558,86,1,0
BRDA:561,87,0,0
BRDA:561,87,1,0
BRDA:605,88,0,0
BRDA:605,88,1,0
BRDA:606,89,0,0
BRDA:606,89,1,0
BRDA:647,90,0,0
BRDA:647,90,1,0
BRDA:651,91,0,0
BRDA:651,91,1,0
BRDA:651,92,0,0
BRDA:651,92,1,0
BRDA:651,92,2,0
BRDA:659,93,0,0
BRDA:659,93,1,0
BRDA:681,94,0,0
BRDA:681,94,1,0
BRDA:685,95,0,0
BRDA:685,95,1,0
BRDA:685,96,0,0
BRDA:685,96,1,0
BRDA:685,96,2,0
BRDA:690,97,0,0
BRDA:690,97,1,0
BRDA:694,98,0,0
BRDA:694,98,1,0
BRDA:720,99,0,0
BRDA:720,99,1,0
BRDA:724,100,0,0
BRDA:724,100,1,0
BRDA:724,101,0,0
BRDA:724,101,1,0
BRDA:724,101,2,0
BRDA:732,102,0,0
BRDA:732,102,1,0
BRDA:754,103,0,0
BRDA:754,103,1,0
BRDA:758,104,0,0
BRDA:758,104,1,0
BRDA:758,105,0,0
BRDA:758,105,1,0
BRDA:758,105,2,0
BRDA:763,106,0,0
BRDA:763,106,1,0
BRDA:767,107,0,0
BRDA:767,107,1,0
BRF:230
BRH:0
end_of_record
TN:
SF:src\utils\theme.ts
FN:4,useAppTheme
FNF:1
FNH:0
FNDA:0,useAppTheme
DA:5,0
DA:6,0
DA:9,0
DA:13,0
DA:15,0
LF:5
LH:0
BRDA:9,0,0,0
BRDA:9,0,1,0
BRDA:10,1,0,0
BRDA:10,1,1,0
BRF:4
BRH:0
end_of_record
